{"name":"hexo","hostname":"movie-u530","pid":9912,"level":20,"msg":"Hexo version: \u001b[35m3.2.2\u001b[39m","time":"2017-04-14T02:29:52.956Z","v":0}
{"name":"hexo","hostname":"movie-u530","pid":9912,"level":20,"msg":"Working directory: \u001b[35mD:\\workspace\\blog\\hexoblog\\\u001b[39m","time":"2017-04-14T02:29:52.960Z","v":0}
{"name":"hexo","hostname":"movie-u530","pid":9912,"level":20,"msg":"Config loaded: \u001b[35mD:\\workspace\\blog\\hexoblog\\_config.yml\u001b[39m","time":"2017-04-14T02:29:53.216Z","v":0}
{"name":"hexo","hostname":"movie-u530","pid":9912,"level":20,"msg":"Plugin loaded: \u001b[35mhexo-algolia\u001b[39m","time":"2017-04-14T02:29:53.325Z","v":0}
{"name":"hexo","hostname":"movie-u530","pid":9912,"level":20,"msg":"Plugin loaded: \u001b[35mhexo-deployer-git\u001b[39m","time":"2017-04-14T02:29:53.331Z","v":0}
{"name":"hexo","hostname":"movie-u530","pid":9912,"level":20,"msg":"Plugin loaded: \u001b[35mhexo-generator-archive\u001b[39m","time":"2017-04-14T02:29:53.341Z","v":0}
{"name":"hexo","hostname":"movie-u530","pid":9912,"level":20,"msg":"Plugin loaded: \u001b[35mhexo-generator-category\u001b[39m","time":"2017-04-14T02:29:53.346Z","v":0}
{"name":"hexo","hostname":"movie-u530","pid":9912,"level":20,"msg":"Plugin loaded: \u001b[35mhexo-generator-index\u001b[39m","time":"2017-04-14T02:29:53.352Z","v":0}
{"name":"hexo","hostname":"movie-u530","pid":9912,"level":20,"msg":"Plugin loaded: \u001b[35mhexo-generator-searchdb\u001b[39m","time":"2017-04-14T02:29:53.394Z","v":0}
{"name":"hexo","hostname":"movie-u530","pid":9912,"level":20,"msg":"Plugin loaded: \u001b[35mhexo-renderer-ejs\u001b[39m","time":"2017-04-14T02:29:53.396Z","v":0}
{"name":"hexo","hostname":"movie-u530","pid":9912,"level":20,"msg":"Plugin loaded: \u001b[35mhexo-generator-tag\u001b[39m","time":"2017-04-14T02:29:53.399Z","v":0}
{"name":"hexo","hostname":"movie-u530","pid":9912,"level":20,"msg":"Plugin loaded: \u001b[35mhexo-renderer-marked\u001b[39m","time":"2017-04-14T02:29:53.407Z","v":0}
{"name":"hexo","hostname":"movie-u530","pid":9912,"level":20,"msg":"Plugin loaded: \u001b[35mhexo-renderer-stylus\u001b[39m","time":"2017-04-14T02:29:53.409Z","v":0}
{"name":"hexo","hostname":"movie-u530","pid":9912,"level":20,"msg":"Plugin loaded: \u001b[35mhexo-server\u001b[39m","time":"2017-04-14T02:29:53.542Z","v":0}
{"name":"hexo","hostname":"movie-u530","pid":9912,"level":20,"msg":"Script loaded: \u001b[35mthemes\\next\\scripts\\merge-configs.js\u001b[39m","time":"2017-04-14T02:29:53.551Z","v":0}
{"name":"hexo","hostname":"movie-u530","pid":9912,"level":20,"msg":"Script loaded: \u001b[35mthemes\\next\\scripts\\merge.js\u001b[39m","time":"2017-04-14T02:29:53.573Z","v":0}
{"name":"hexo","hostname":"movie-u530","pid":9912,"level":20,"msg":"Script loaded: \u001b[35mthemes\\next\\scripts\\tags\\button.js\u001b[39m","time":"2017-04-14T02:29:53.575Z","v":0}
{"name":"hexo","hostname":"movie-u530","pid":9912,"level":20,"msg":"Script loaded: \u001b[35mthemes\\next\\scripts\\tags\\center-quote.js\u001b[39m","time":"2017-04-14T02:29:53.576Z","v":0}
{"name":"hexo","hostname":"movie-u530","pid":9912,"level":20,"msg":"Script loaded: \u001b[35mthemes\\next\\scripts\\tags\\full-image.js\u001b[39m","time":"2017-04-14T02:29:53.577Z","v":0}
{"name":"hexo","hostname":"movie-u530","pid":9912,"level":20,"msg":"Script loaded: \u001b[35mthemes\\next\\scripts\\tags\\note.js\u001b[39m","time":"2017-04-14T02:29:53.578Z","v":0}
{"name":"hexo","hostname":"movie-u530","pid":9912,"level":20,"msg":"Script loaded: \u001b[35mthemes\\next\\scripts\\tags\\exturl.js\u001b[39m","time":"2017-04-14T02:29:53.581Z","v":0}
{"name":"hexo","hostname":"movie-u530","pid":9912,"level":20,"msg":"Script loaded: \u001b[35mthemes\\next\\scripts\\tags\\group-pictures.js\u001b[39m","time":"2017-04-14T02:29:53.584Z","v":0}
{"name":"hexo","hostname":"movie-u530","pid":9912,"level":20,"msg":"Loading database.","time":"2017-04-14T02:29:53.608Z","v":0}
{"name":"hexo","hostname":"movie-u530","pid":9912,"level":30,"msg":"Start processing","time":"2017-04-14T02:29:53.620Z","v":0}
{"name":"hexo","hostname":"movie-u530","pid":9912,"level":20,"msg":"Processed: \u001b[35mCNAME\u001b[39m","time":"2017-04-14T02:29:53.774Z","v":0}
{"name":"hexo","hostname":"movie-u530","pid":9912,"level":20,"msg":"Processed: \u001b[35mimages/aliplay.png\u001b[39m","time":"2017-04-14T02:29:53.963Z","v":0}
{"name":"hexo","hostname":"movie-u530","pid":9912,"level":20,"msg":"Processed: \u001b[35mimages/logo2.png\u001b[39m","time":"2017-04-14T02:29:53.966Z","v":0}
{"name":"hexo","hostname":"movie-u530","pid":9912,"level":20,"msg":"Processed: \u001b[35mimages/weixinplay.png\u001b[39m","time":"2017-04-14T02:29:53.967Z","v":0}
{"name":"hexo","hostname":"movie-u530","pid":9912,"level":20,"msg":"Processed: \u001b[35mimages/logo.jpg\u001b[39m","time":"2017-04-14T02:29:54.051Z","v":0}
{"name":"hexo","hostname":"movie-u530","pid":9912,"level":20,"msg":"Theme config loaded.","time":"2017-04-14T02:29:54.103Z","v":0}
{"name":"hexo","hostname":"movie-u530","pid":9912,"level":20,"msg":"Processed: \u001b[35m_config.yml\u001b[39m","time":"2017-04-14T02:29:54.104Z","v":0}
{"name":"hexo","hostname":"movie-u530","pid":9912,"level":20,"msg":"Processed: \u001b[35msource/css/main.styl\u001b[39m","time":"2017-04-14T02:29:54.145Z","v":0}
{"name":"hexo","hostname":"movie-u530","pid":9912,"level":20,"msg":"Processed: \u001b[35msource/images/algolia_logo.svg\u001b[39m","time":"2017-04-14T02:29:54.150Z","v":0}
{"name":"hexo","hostname":"movie-u530","pid":9912,"level":20,"msg":"Processed: \u001b[35msource/images/avatar.gif\u001b[39m","time":"2017-04-14T02:29:54.157Z","v":0}
{"name":"hexo","hostname":"movie-u530","pid":9912,"level":20,"msg":"Processed: \u001b[35msource/images/cc-by-nc-nd.svg\u001b[39m","time":"2017-04-14T02:29:54.175Z","v":0}
{"name":"hexo","hostname":"movie-u530","pid":9912,"level":20,"msg":"Processed: \u001b[35msource/images/cc-by-nc-sa.svg\u001b[39m","time":"2017-04-14T02:29:54.177Z","v":0}
{"name":"hexo","hostname":"movie-u530","pid":9912,"level":20,"msg":"Processed: \u001b[35msource/images/cc-by-nc.svg\u001b[39m","time":"2017-04-14T02:29:54.178Z","v":0}
{"name":"hexo","hostname":"movie-u530","pid":9912,"level":20,"msg":"Processed: \u001b[35msource/images/cc-by-nd.svg\u001b[39m","time":"2017-04-14T02:29:54.179Z","v":0}
{"name":"hexo","hostname":"movie-u530","pid":9912,"level":20,"msg":"Processed: \u001b[35msource/images/cc-by-sa.svg\u001b[39m","time":"2017-04-14T02:29:54.180Z","v":0}
{"name":"hexo","hostname":"movie-u530","pid":9912,"level":20,"msg":"Processed: \u001b[35msource/images/cc-by.svg\u001b[39m","time":"2017-04-14T02:29:54.182Z","v":0}
{"name":"hexo","hostname":"movie-u530","pid":9912,"level":20,"msg":"Processed: \u001b[35msource/images/cc-zero.svg\u001b[39m","time":"2017-04-14T02:29:54.187Z","v":0}
{"name":"hexo","hostname":"movie-u530","pid":9912,"level":20,"msg":"Processed: \u001b[35msource/images/loading.gif\u001b[39m","time":"2017-04-14T02:29:54.201Z","v":0}
{"name":"hexo","hostname":"movie-u530","pid":9912,"level":20,"msg":"Processed: \u001b[35msource/images/placeholder.gif\u001b[39m","time":"2017-04-14T02:29:54.208Z","v":0}
{"name":"hexo","hostname":"movie-u530","pid":9912,"level":20,"msg":"Processed: \u001b[35msource/images/quote-l.svg\u001b[39m","time":"2017-04-14T02:29:54.223Z","v":0}
{"name":"hexo","hostname":"movie-u530","pid":9912,"level":20,"msg":"Processed: \u001b[35msource/images/quote-r.svg\u001b[39m","time":"2017-04-14T02:29:54.225Z","v":0}
{"name":"hexo","hostname":"movie-u530","pid":9912,"level":20,"msg":"Processed: \u001b[35msource/images/searchicon.png\u001b[39m","time":"2017-04-14T02:29:54.232Z","v":0}
{"name":"hexo","hostname":"movie-u530","pid":9912,"level":20,"msg":"Processed: \u001b[35mlayout/_layout.swig\u001b[39m","time":"2017-04-14T02:29:54.679Z","v":0}
{"name":"hexo","hostname":"movie-u530","pid":9912,"level":20,"msg":"Processed: \u001b[35mlayout/archive.swig\u001b[39m","time":"2017-04-14T02:29:54.680Z","v":0}
{"name":"hexo","hostname":"movie-u530","pid":9912,"level":20,"msg":"Processed: \u001b[35mlayout/category.swig\u001b[39m","time":"2017-04-14T02:29:54.681Z","v":0}
{"name":"hexo","hostname":"movie-u530","pid":9912,"level":20,"msg":"Processed: \u001b[35mlayout/index.swig\u001b[39m","time":"2017-04-14T02:29:54.681Z","v":0}
{"name":"hexo","hostname":"movie-u530","pid":9912,"level":20,"msg":"Processed: \u001b[35mlayout/page.swig\u001b[39m","time":"2017-04-14T02:29:54.681Z","v":0}
{"name":"hexo","hostname":"movie-u530","pid":9912,"level":20,"msg":"Processed: \u001b[35mlayout/post.swig\u001b[39m","time":"2017-04-14T02:29:54.681Z","v":0}
{"name":"hexo","hostname":"movie-u530","pid":9912,"level":20,"msg":"Processed: \u001b[35mlayout/schedule.swig\u001b[39m","time":"2017-04-14T02:29:54.682Z","v":0}
{"name":"hexo","hostname":"movie-u530","pid":9912,"level":20,"msg":"Processed: \u001b[35mlayout/tag.swig\u001b[39m","time":"2017-04-14T02:29:54.682Z","v":0}
{"name":"hexo","hostname":"movie-u530","pid":9912,"level":20,"msg":"Processed: \u001b[35mabout/index.md\u001b[39m","time":"2017-04-14T02:29:54.726Z","v":0}
{"name":"hexo","hostname":"movie-u530","pid":9912,"level":20,"msg":"Processed: \u001b[35mlanguages/de.yml\u001b[39m","time":"2017-04-14T02:29:54.728Z","v":0}
{"name":"hexo","hostname":"movie-u530","pid":9912,"level":20,"msg":"Processed: \u001b[35mlanguages/default.yml\u001b[39m","time":"2017-04-14T02:29:54.729Z","v":0}
{"name":"hexo","hostname":"movie-u530","pid":9912,"level":20,"msg":"Processed: \u001b[35mlanguages/en.yml\u001b[39m","time":"2017-04-14T02:29:54.730Z","v":0}
{"name":"hexo","hostname":"movie-u530","pid":9912,"level":20,"msg":"Processed: \u001b[35mlanguages/fr-FR.yml\u001b[39m","time":"2017-04-14T02:29:54.732Z","v":0}
{"name":"hexo","hostname":"movie-u530","pid":9912,"level":20,"msg":"Processed: \u001b[35mlanguages/id.yml\u001b[39m","time":"2017-04-14T02:29:54.734Z","v":0}
{"name":"hexo","hostname":"movie-u530","pid":9912,"level":20,"msg":"Processed: \u001b[35mlanguages/ja.yml\u001b[39m","time":"2017-04-14T02:29:54.734Z","v":0}
{"name":"hexo","hostname":"movie-u530","pid":9912,"level":20,"msg":"Processed: \u001b[35mlanguages/ko.yml\u001b[39m","time":"2017-04-14T02:29:54.735Z","v":0}
{"name":"hexo","hostname":"movie-u530","pid":9912,"level":20,"msg":"Processed: \u001b[35mlanguages/pt-BR.yml\u001b[39m","time":"2017-04-14T02:29:54.735Z","v":0}
{"name":"hexo","hostname":"movie-u530","pid":9912,"level":20,"msg":"Processed: \u001b[35mlanguages/pt.yml\u001b[39m","time":"2017-04-14T02:29:54.737Z","v":0}
{"name":"hexo","hostname":"movie-u530","pid":9912,"level":20,"msg":"Processed: \u001b[35mlanguages/ru.yml\u001b[39m","time":"2017-04-14T02:29:54.737Z","v":0}
{"name":"hexo","hostname":"movie-u530","pid":9912,"level":20,"msg":"Processed: \u001b[35mlanguages/zh-Hans.yml\u001b[39m","time":"2017-04-14T02:29:54.739Z","v":0}
{"name":"hexo","hostname":"movie-u530","pid":9912,"level":20,"msg":"Processed: \u001b[35mlanguages/zh-hk.yml\u001b[39m","time":"2017-04-14T02:29:54.739Z","v":0}
{"name":"hexo","hostname":"movie-u530","pid":9912,"level":20,"msg":"Processed: \u001b[35mlanguages/zh-tw.yml\u001b[39m","time":"2017-04-14T02:29:54.740Z","v":0}
{"name":"hexo","hostname":"movie-u530","pid":9912,"level":20,"msg":"Processed: \u001b[35mcategories/index.md\u001b[39m","time":"2017-04-14T02:29:54.741Z","v":0}
{"name":"hexo","hostname":"movie-u530","pid":9912,"level":20,"msg":"Processed: \u001b[35m_data/next.bak.yml\u001b[39m","time":"2017-04-14T02:29:54.741Z","v":0}
{"name":"hexo","hostname":"movie-u530","pid":9912,"level":20,"msg":"Processed: \u001b[35mtags/index.md\u001b[39m","time":"2017-04-14T02:29:54.750Z","v":0}
{"name":"hexo","hostname":"movie-u530","pid":9912,"level":20,"msg":"Processed: \u001b[35m_posts/2016年终讲.md\u001b[39m","time":"2017-04-14T02:29:54.756Z","v":0}
{"name":"hexo","hostname":"movie-u530","pid":9912,"level":20,"msg":"Processed: \u001b[35m_posts/ansible-setup-module-problem-md.md\u001b[39m","time":"2017-04-14T02:29:54.771Z","v":0}
{"name":"hexo","hostname":"movie-u530","pid":9912,"level":20,"msg":"Processed: \u001b[35m_posts/helloblog.md\u001b[39m","time":"2017-04-14T02:29:54.777Z","v":0}
{"name":"hexo","hostname":"movie-u530","pid":9912,"level":20,"msg":"Processed: \u001b[35msource/js/src/affix.js\u001b[39m","time":"2017-04-14T02:29:54.898Z","v":0}
{"name":"hexo","hostname":"movie-u530","pid":9912,"level":20,"msg":"Processed: \u001b[35msource/js/src/algolia-search.js\u001b[39m","time":"2017-04-14T02:29:54.899Z","v":0}
{"name":"hexo","hostname":"movie-u530","pid":9912,"level":20,"msg":"Processed: \u001b[35msource/js/src/bootstrap.js\u001b[39m","time":"2017-04-14T02:29:54.900Z","v":0}
{"name":"hexo","hostname":"movie-u530","pid":9912,"level":20,"msg":"Processed: \u001b[35msource/js/src/exturl.js\u001b[39m","time":"2017-04-14T02:29:54.900Z","v":0}
{"name":"hexo","hostname":"movie-u530","pid":9912,"level":20,"msg":"Processed: \u001b[35msource/js/src/hook-duoshuo.js\u001b[39m","time":"2017-04-14T02:29:54.902Z","v":0}
{"name":"hexo","hostname":"movie-u530","pid":9912,"level":20,"msg":"Processed: \u001b[35msource/js/src/js.cookie.js\u001b[39m","time":"2017-04-14T02:29:54.903Z","v":0}
{"name":"hexo","hostname":"movie-u530","pid":9912,"level":20,"msg":"Processed: \u001b[35msource/js/src/motion.js\u001b[39m","time":"2017-04-14T02:29:54.906Z","v":0}
{"name":"hexo","hostname":"movie-u530","pid":9912,"level":20,"msg":"Processed: \u001b[35msource/js/src/post-details.js\u001b[39m","time":"2017-04-14T02:29:54.906Z","v":0}
{"name":"hexo","hostname":"movie-u530","pid":9912,"level":20,"msg":"Processed: \u001b[35msource/js/src/scroll-cookie.js\u001b[39m","time":"2017-04-14T02:29:54.908Z","v":0}
{"name":"hexo","hostname":"movie-u530","pid":9912,"level":20,"msg":"Processed: \u001b[35msource/js/src/scrollspy.js\u001b[39m","time":"2017-04-14T02:29:54.909Z","v":0}
{"name":"hexo","hostname":"movie-u530","pid":9912,"level":20,"msg":"Processed: \u001b[35msource/js/src/utils.js\u001b[39m","time":"2017-04-14T02:29:54.910Z","v":0}
{"name":"hexo","hostname":"movie-u530","pid":9912,"level":20,"msg":"Processed: \u001b[35msource/lib/algolia-instant-search/instantsearch.min.css\u001b[39m","time":"2017-04-14T02:29:54.911Z","v":0}
{"name":"hexo","hostname":"movie-u530","pid":9912,"level":20,"msg":"Processed: \u001b[35msource/lib/canvas-nest/canvas-nest.min.js\u001b[39m","time":"2017-04-14T02:29:54.911Z","v":0}
{"name":"hexo","hostname":"movie-u530","pid":9912,"level":20,"msg":"Processed: \u001b[35msource/lib/canvas-ribbon/canvas-ribbon.js\u001b[39m","time":"2017-04-14T02:29:54.912Z","v":0}
{"name":"hexo","hostname":"movie-u530","pid":9912,"level":20,"msg":"Processed: \u001b[35msource/lib/fastclick/LICENSE\u001b[39m","time":"2017-04-14T02:29:54.914Z","v":0}
{"name":"hexo","hostname":"movie-u530","pid":9912,"level":20,"msg":"Processed: \u001b[35msource/lib/fastclick/README.md\u001b[39m","time":"2017-04-14T02:29:54.915Z","v":0}
{"name":"hexo","hostname":"movie-u530","pid":9912,"level":20,"msg":"Processed: \u001b[35msource/lib/fastclick/bower.json\u001b[39m","time":"2017-04-14T02:29:54.917Z","v":0}
{"name":"hexo","hostname":"movie-u530","pid":9912,"level":20,"msg":"Processed: \u001b[35msource/lib/font-awesome/HELP-US-OUT.txt\u001b[39m","time":"2017-04-14T02:29:54.919Z","v":0}
{"name":"hexo","hostname":"movie-u530","pid":9912,"level":20,"msg":"Processed: \u001b[35msource/lib/font-awesome/bower.json\u001b[39m","time":"2017-04-14T02:29:54.920Z","v":0}
{"name":"hexo","hostname":"movie-u530","pid":9912,"level":20,"msg":"Processed: \u001b[35msource/lib/jquery_lazyload/CONTRIBUTING.md\u001b[39m","time":"2017-04-14T02:29:54.922Z","v":0}
{"name":"hexo","hostname":"movie-u530","pid":9912,"level":20,"msg":"Processed: \u001b[35msource/lib/jquery_lazyload/README.md\u001b[39m","time":"2017-04-14T02:29:54.922Z","v":0}
{"name":"hexo","hostname":"movie-u530","pid":9912,"level":20,"msg":"Processed: \u001b[35msource/lib/jquery_lazyload/bower.json\u001b[39m","time":"2017-04-14T02:29:54.923Z","v":0}
{"name":"hexo","hostname":"movie-u530","pid":9912,"level":20,"msg":"Processed: \u001b[35msource/lib/jquery_lazyload/jquery.lazyload.js\u001b[39m","time":"2017-04-14T02:29:54.923Z","v":0}
{"name":"hexo","hostname":"movie-u530","pid":9912,"level":20,"msg":"Processed: \u001b[35msource/lib/jquery_lazyload/jquery.scrollstop.js\u001b[39m","time":"2017-04-14T02:29:54.924Z","v":0}
{"name":"hexo","hostname":"movie-u530","pid":9912,"level":20,"msg":"Processed: \u001b[35msource/lib/three/three-waves.min.js\u001b[39m","time":"2017-04-14T02:29:54.925Z","v":0}
{"name":"hexo","hostname":"movie-u530","pid":9912,"level":20,"msg":"Processed: \u001b[35msource/lib/velocity/bower.json\u001b[39m","time":"2017-04-14T02:29:54.926Z","v":0}
{"name":"hexo","hostname":"movie-u530","pid":9912,"level":20,"msg":"Processed: \u001b[35msource/lib/velocity/velocity.min.js\u001b[39m","time":"2017-04-14T02:29:54.927Z","v":0}
{"name":"hexo","hostname":"movie-u530","pid":9912,"level":20,"msg":"Processed: \u001b[35msource/lib/velocity/velocity.ui.js\u001b[39m","time":"2017-04-14T02:29:54.929Z","v":0}
{"name":"hexo","hostname":"movie-u530","pid":9912,"level":20,"msg":"Processed: \u001b[35msource/lib/velocity/velocity.ui.min.js\u001b[39m","time":"2017-04-14T02:29:54.930Z","v":0}
{"name":"hexo","hostname":"movie-u530","pid":9912,"level":20,"msg":"Processed: \u001b[35mlayout/_custom/header.swig\u001b[39m","time":"2017-04-14T02:29:55.077Z","v":0}
{"name":"hexo","hostname":"movie-u530","pid":9912,"level":20,"msg":"Processed: \u001b[35mlayout/_custom/sidebar.swig\u001b[39m","time":"2017-04-14T02:29:55.077Z","v":0}
{"name":"hexo","hostname":"movie-u530","pid":9912,"level":20,"msg":"Processed: \u001b[35mlayout/_macro/post-collapse.swig\u001b[39m","time":"2017-04-14T02:29:55.078Z","v":0}
{"name":"hexo","hostname":"movie-u530","pid":9912,"level":20,"msg":"Processed: \u001b[35mlayout/_macro/post-copyright.swig\u001b[39m","time":"2017-04-14T02:29:55.078Z","v":0}
{"name":"hexo","hostname":"movie-u530","pid":9912,"level":20,"msg":"Processed: \u001b[35mlayout/_macro/post.swig\u001b[39m","time":"2017-04-14T02:29:55.078Z","v":0}
{"name":"hexo","hostname":"movie-u530","pid":9912,"level":20,"msg":"Processed: \u001b[35mlayout/_macro/reward.swig\u001b[39m","time":"2017-04-14T02:29:55.078Z","v":0}
{"name":"hexo","hostname":"movie-u530","pid":9912,"level":20,"msg":"Processed: \u001b[35mlayout/_macro/sidebar.swig\u001b[39m","time":"2017-04-14T02:29:55.079Z","v":0}
{"name":"hexo","hostname":"movie-u530","pid":9912,"level":20,"msg":"Processed: \u001b[35mlayout/_macro/wechat-subscriber.swig\u001b[39m","time":"2017-04-14T02:29:55.079Z","v":0}
{"name":"hexo","hostname":"movie-u530","pid":9912,"level":20,"msg":"Processed: \u001b[35mlayout/_partials/comments.swig\u001b[39m","time":"2017-04-14T02:29:55.080Z","v":0}
{"name":"hexo","hostname":"movie-u530","pid":9912,"level":20,"msg":"Processed: \u001b[35mlayout/_partials/footer.swig\u001b[39m","time":"2017-04-14T02:29:55.081Z","v":0}
{"name":"hexo","hostname":"movie-u530","pid":9912,"level":20,"msg":"Processed: \u001b[35mlayout/_partials/duoshuo-hot-articles.swig\u001b[39m","time":"2017-04-14T02:29:55.082Z","v":0}
{"name":"hexo","hostname":"movie-u530","pid":9912,"level":20,"msg":"Processed: \u001b[35mlayout/_partials/head.swig\u001b[39m","time":"2017-04-14T02:29:55.082Z","v":0}
{"name":"hexo","hostname":"movie-u530","pid":9912,"level":20,"msg":"Processed: \u001b[35mlayout/_partials/header.swig\u001b[39m","time":"2017-04-14T02:29:55.082Z","v":0}
{"name":"hexo","hostname":"movie-u530","pid":9912,"level":20,"msg":"Processed: \u001b[35mlayout/_partials/page-header.swig\u001b[39m","time":"2017-04-14T02:29:55.083Z","v":0}
{"name":"hexo","hostname":"movie-u530","pid":9912,"level":20,"msg":"Processed: \u001b[35mlayout/_partials/pagination.swig\u001b[39m","time":"2017-04-14T02:29:55.083Z","v":0}
{"name":"hexo","hostname":"movie-u530","pid":9912,"level":20,"msg":"Processed: \u001b[35mlayout/_partials/search.swig\u001b[39m","time":"2017-04-14T02:29:55.083Z","v":0}
{"name":"hexo","hostname":"movie-u530","pid":9912,"level":20,"msg":"Processed: \u001b[35mlayout/_scripts/baidu-push.swig\u001b[39m","time":"2017-04-14T02:29:55.084Z","v":0}
{"name":"hexo","hostname":"movie-u530","pid":9912,"level":20,"msg":"Processed: \u001b[35mlayout/_scripts/boostrap.swig\u001b[39m","time":"2017-04-14T02:29:55.084Z","v":0}
{"name":"hexo","hostname":"movie-u530","pid":9912,"level":20,"msg":"Processed: \u001b[35mlayout/_scripts/commons.swig\u001b[39m","time":"2017-04-14T02:29:55.084Z","v":0}
{"name":"hexo","hostname":"movie-u530","pid":9912,"level":20,"msg":"Processed: \u001b[35mlayout/_scripts/vendors.swig\u001b[39m","time":"2017-04-14T02:29:55.084Z","v":0}
{"name":"hexo","hostname":"movie-u530","pid":9912,"level":20,"msg":"Processed: \u001b[35mlayout/_third-party/duoshuo-hot-articles.swig\u001b[39m","time":"2017-04-14T02:29:55.085Z","v":0}
{"name":"hexo","hostname":"movie-u530","pid":9912,"level":20,"msg":"Processed: \u001b[35mlayout/_third-party/exturl.swig\u001b[39m","time":"2017-04-14T02:29:55.085Z","v":0}
{"name":"hexo","hostname":"movie-u530","pid":9912,"level":20,"msg":"Processed: \u001b[35mlayout/_third-party/schedule.swig\u001b[39m","time":"2017-04-14T02:29:55.085Z","v":0}
{"name":"hexo","hostname":"movie-u530","pid":9912,"level":20,"msg":"Processed: \u001b[35mlayout/_third-party/mathjax.swig\u001b[39m","time":"2017-04-14T02:29:55.085Z","v":0}
{"name":"hexo","hostname":"movie-u530","pid":9912,"level":20,"msg":"Processed: \u001b[35msource/lib/jquery/index.js\u001b[39m","time":"2017-04-14T02:29:55.088Z","v":0}
{"name":"hexo","hostname":"movie-u530","pid":9912,"level":20,"msg":"Processed: \u001b[35mlayout/_third-party/scroll-cookie.swig\u001b[39m","time":"2017-04-14T02:29:55.102Z","v":0}
{"name":"hexo","hostname":"movie-u530","pid":9912,"level":20,"msg":"Processed: \u001b[35mlayout/_scripts/schemes/muse.swig\u001b[39m","time":"2017-04-14T02:29:55.103Z","v":0}
{"name":"hexo","hostname":"movie-u530","pid":9912,"level":20,"msg":"Processed: \u001b[35mlayout/_scripts/schemes/mist.swig\u001b[39m","time":"2017-04-14T02:29:55.104Z","v":0}
{"name":"hexo","hostname":"movie-u530","pid":9912,"level":20,"msg":"Processed: \u001b[35msource/js/src/schemes/pisces.js\u001b[39m","time":"2017-04-14T02:29:55.116Z","v":0}
{"name":"hexo","hostname":"movie-u530","pid":9912,"level":20,"msg":"Processed: \u001b[35msource/lib/fancybox/source/blank.gif\u001b[39m","time":"2017-04-14T02:29:55.120Z","v":0}
{"name":"hexo","hostname":"movie-u530","pid":9912,"level":20,"msg":"Processed: \u001b[35msource/lib/fancybox/source/fancybox_loading.gif\u001b[39m","time":"2017-04-14T02:29:55.121Z","v":0}
{"name":"hexo","hostname":"movie-u530","pid":9912,"level":20,"msg":"Processed: \u001b[35msource/lib/fancybox/source/fancybox_loading@2x.gif\u001b[39m","time":"2017-04-14T02:29:55.122Z","v":0}
{"name":"hexo","hostname":"movie-u530","pid":9912,"level":20,"msg":"Processed: \u001b[35msource/lib/fancybox/source/fancybox_overlay.png\u001b[39m","time":"2017-04-14T02:29:55.123Z","v":0}
{"name":"hexo","hostname":"movie-u530","pid":9912,"level":20,"msg":"Processed: \u001b[35msource/lib/fancybox/source/fancybox_sprite.png\u001b[39m","time":"2017-04-14T02:29:55.124Z","v":0}
{"name":"hexo","hostname":"movie-u530","pid":9912,"level":20,"msg":"Processed: \u001b[35msource/lib/fancybox/source/fancybox_sprite@2x.png\u001b[39m","time":"2017-04-14T02:29:55.125Z","v":0}
{"name":"hexo","hostname":"movie-u530","pid":9912,"level":20,"msg":"Processed: \u001b[35msource/lib/fancybox/source/jquery.fancybox.css\u001b[39m","time":"2017-04-14T02:29:55.126Z","v":0}
{"name":"hexo","hostname":"movie-u530","pid":9912,"level":20,"msg":"Processed: \u001b[35msource/lib/fancybox/source/jquery.fancybox.js\u001b[39m","time":"2017-04-14T02:29:55.127Z","v":0}
{"name":"hexo","hostname":"movie-u530","pid":9912,"level":20,"msg":"Processed: \u001b[35msource/lib/fancybox/source/jquery.fancybox.pack.js\u001b[39m","time":"2017-04-14T02:29:55.130Z","v":0}
{"name":"hexo","hostname":"movie-u530","pid":9912,"level":20,"msg":"Processed: \u001b[35msource/lib/fastclick/lib/fastclick.js\u001b[39m","time":"2017-04-14T02:29:55.131Z","v":0}
{"name":"hexo","hostname":"movie-u530","pid":9912,"level":20,"msg":"Processed: \u001b[35msource/lib/fastclick/lib/fastclick.min.js\u001b[39m","time":"2017-04-14T02:29:55.132Z","v":0}
{"name":"hexo","hostname":"movie-u530","pid":9912,"level":20,"msg":"Processed: \u001b[35msource/lib/font-awesome/css/font-awesome.css\u001b[39m","time":"2017-04-14T02:29:55.135Z","v":0}
{"name":"hexo","hostname":"movie-u530","pid":9912,"level":20,"msg":"Processed: \u001b[35msource/lib/font-awesome/css/font-awesome.css.map\u001b[39m","time":"2017-04-14T02:29:55.136Z","v":0}
{"name":"hexo","hostname":"movie-u530","pid":9912,"level":20,"msg":"Processed: \u001b[35msource/lib/font-awesome/css/font-awesome.min.css\u001b[39m","time":"2017-04-14T02:29:55.140Z","v":0}
{"name":"hexo","hostname":"movie-u530","pid":9912,"level":20,"msg":"Processed: \u001b[35msource/lib/ua-parser-js/dist/ua-parser.min.js\u001b[39m","time":"2017-04-14T02:29:55.142Z","v":0}
{"name":"hexo","hostname":"movie-u530","pid":9912,"level":20,"msg":"Processed: \u001b[35msource/lib/ua-parser-js/dist/ua-parser.pack.js\u001b[39m","time":"2017-04-14T02:29:55.145Z","v":0}
{"name":"hexo","hostname":"movie-u530","pid":9912,"level":20,"msg":"Processed: \u001b[35mlayout/_components/algolia-search/assets.swig\u001b[39m","time":"2017-04-14T02:29:55.211Z","v":0}
{"name":"hexo","hostname":"movie-u530","pid":9912,"level":20,"msg":"Processed: \u001b[35mlayout/_components/algolia-search/dom.swig\u001b[39m","time":"2017-04-14T02:29:55.212Z","v":0}
{"name":"hexo","hostname":"movie-u530","pid":9912,"level":20,"msg":"Processed: \u001b[35mlayout/_partials/head/custom-head.swig\u001b[39m","time":"2017-04-14T02:29:55.213Z","v":0}
{"name":"hexo","hostname":"movie-u530","pid":9912,"level":20,"msg":"Processed: \u001b[35mlayout/_partials/head/external-fonts.swig\u001b[39m","time":"2017-04-14T02:29:55.213Z","v":0}
{"name":"hexo","hostname":"movie-u530","pid":9912,"level":20,"msg":"Processed: \u001b[35mlayout/_partials/search/localsearch.swig\u001b[39m","time":"2017-04-14T02:29:55.213Z","v":0}
{"name":"hexo","hostname":"movie-u530","pid":9912,"level":20,"msg":"Processed: \u001b[35mlayout/_partials/search/swiftype.swig\u001b[39m","time":"2017-04-14T02:29:55.214Z","v":0}
{"name":"hexo","hostname":"movie-u530","pid":9912,"level":20,"msg":"Processed: \u001b[35mlayout/_partials/search/tinysou.swig\u001b[39m","time":"2017-04-14T02:29:55.214Z","v":0}
{"name":"hexo","hostname":"movie-u530","pid":9912,"level":20,"msg":"Processed: \u001b[35mlayout/_partials/share/add-this.swig\u001b[39m","time":"2017-04-14T02:29:55.214Z","v":0}
{"name":"hexo","hostname":"movie-u530","pid":9912,"level":20,"msg":"Processed: \u001b[35mlayout/_partials/share/baidushare.swig\u001b[39m","time":"2017-04-14T02:29:55.215Z","v":0}
{"name":"hexo","hostname":"movie-u530","pid":9912,"level":20,"msg":"Processed: \u001b[35mlayout/_partials/share/duoshuo_share.swig\u001b[39m","time":"2017-04-14T02:29:55.215Z","v":0}
{"name":"hexo","hostname":"movie-u530","pid":9912,"level":20,"msg":"Processed: \u001b[35mlayout/_partials/share/jiathis.swig\u001b[39m","time":"2017-04-14T02:29:55.215Z","v":0}
{"name":"hexo","hostname":"movie-u530","pid":9912,"level":20,"msg":"Processed: \u001b[35mlayout/_scripts/pages/post-details.swig\u001b[39m","time":"2017-04-14T02:29:55.215Z","v":0}
{"name":"hexo","hostname":"movie-u530","pid":9912,"level":20,"msg":"Processed: \u001b[35mlayout/_scripts/schemes/pisces.swig\u001b[39m","time":"2017-04-14T02:29:55.216Z","v":0}
{"name":"hexo","hostname":"movie-u530","pid":9912,"level":20,"msg":"Processed: \u001b[35mlayout/_scripts/third-party/analytics.swig\u001b[39m","time":"2017-04-14T02:29:55.216Z","v":0}
{"name":"hexo","hostname":"movie-u530","pid":9912,"level":20,"msg":"Processed: \u001b[35mlayout/_scripts/third-party/comments.swig\u001b[39m","time":"2017-04-14T02:29:55.216Z","v":0}
{"name":"hexo","hostname":"movie-u530","pid":9912,"level":20,"msg":"Processed: \u001b[35mlayout/_scripts/third-party/lean-analytics.swig\u001b[39m","time":"2017-04-14T02:29:55.217Z","v":0}
{"name":"hexo","hostname":"movie-u530","pid":9912,"level":20,"msg":"Processed: \u001b[35mlayout/_scripts/third-party/localsearch.swig\u001b[39m","time":"2017-04-14T02:29:55.217Z","v":0}
{"name":"hexo","hostname":"movie-u530","pid":9912,"level":20,"msg":"Processed: \u001b[35mlayout/_scripts/third-party/mathjax.swig\u001b[39m","time":"2017-04-14T02:29:55.217Z","v":0}
{"name":"hexo","hostname":"movie-u530","pid":9912,"level":20,"msg":"Processed: \u001b[35mlayout/_scripts/third-party/schedule.swig\u001b[39m","time":"2017-04-14T02:29:55.218Z","v":0}
{"name":"hexo","hostname":"movie-u530","pid":9912,"level":20,"msg":"Processed: \u001b[35mlayout/_scripts/third-party/tinysou.swig\u001b[39m","time":"2017-04-14T02:29:55.218Z","v":0}
{"name":"hexo","hostname":"movie-u530","pid":9912,"level":20,"msg":"Processed: \u001b[35mlayout/_third-party/analytics/application-insights.swig\u001b[39m","time":"2017-04-14T02:29:55.218Z","v":0}
{"name":"hexo","hostname":"movie-u530","pid":9912,"level":20,"msg":"Processed: \u001b[35mlayout/_third-party/analytics/baidu-analytics.swig\u001b[39m","time":"2017-04-14T02:29:55.219Z","v":0}
{"name":"hexo","hostname":"movie-u530","pid":9912,"level":20,"msg":"Processed: \u001b[35mlayout/_third-party/analytics/busuanzi-counter.swig\u001b[39m","time":"2017-04-14T02:29:55.219Z","v":0}
{"name":"hexo","hostname":"movie-u530","pid":9912,"level":20,"msg":"Processed: \u001b[35mlayout/_third-party/analytics/cnzz-analytics.swig\u001b[39m","time":"2017-04-14T02:29:55.219Z","v":0}
{"name":"hexo","hostname":"movie-u530","pid":9912,"level":20,"msg":"Processed: \u001b[35mlayout/_third-party/analytics/facebook-sdk.swig\u001b[39m","time":"2017-04-14T02:29:55.219Z","v":0}
{"name":"hexo","hostname":"movie-u530","pid":9912,"level":20,"msg":"Processed: \u001b[35mlayout/_third-party/analytics/google-analytics.swig\u001b[39m","time":"2017-04-14T02:29:55.220Z","v":0}
{"name":"hexo","hostname":"movie-u530","pid":9912,"level":20,"msg":"Processed: \u001b[35mlayout/_third-party/analytics/index.swig\u001b[39m","time":"2017-04-14T02:29:55.221Z","v":0}
{"name":"hexo","hostname":"movie-u530","pid":9912,"level":20,"msg":"Processed: \u001b[35mlayout/_third-party/analytics/lean-analytics.swig\u001b[39m","time":"2017-04-14T02:29:55.223Z","v":0}
{"name":"hexo","hostname":"movie-u530","pid":9912,"level":20,"msg":"Processed: \u001b[35mlayout/_third-party/analytics/tencent-analytics.swig\u001b[39m","time":"2017-04-14T02:29:55.224Z","v":0}
{"name":"hexo","hostname":"movie-u530","pid":9912,"level":20,"msg":"Processed: \u001b[35mlayout/_third-party/analytics/tencent-mta.swig\u001b[39m","time":"2017-04-14T02:29:55.224Z","v":0}
{"name":"hexo","hostname":"movie-u530","pid":9912,"level":20,"msg":"Processed: \u001b[35mlayout/_third-party/analytics/vkontakte-api.swig\u001b[39m","time":"2017-04-14T02:29:55.225Z","v":0}
{"name":"hexo","hostname":"movie-u530","pid":9912,"level":20,"msg":"Processed: \u001b[35mlayout/_third-party/comments/changyan.swig\u001b[39m","time":"2017-04-14T02:29:55.228Z","v":0}
{"name":"hexo","hostname":"movie-u530","pid":9912,"level":20,"msg":"Processed: \u001b[35mlayout/_third-party/comments/disqus.swig\u001b[39m","time":"2017-04-14T02:29:55.232Z","v":0}
{"name":"hexo","hostname":"movie-u530","pid":9912,"level":20,"msg":"Processed: \u001b[35mlayout/_third-party/comments/duoshuo.swig\u001b[39m","time":"2017-04-14T02:29:55.233Z","v":0}
{"name":"hexo","hostname":"movie-u530","pid":9912,"level":20,"msg":"Processed: \u001b[35mlayout/_third-party/comments/gentie.swig\u001b[39m","time":"2017-04-14T02:29:55.237Z","v":0}
{"name":"hexo","hostname":"movie-u530","pid":9912,"level":20,"msg":"Processed: \u001b[35mlayout/_third-party/comments/hypercomments.swig\u001b[39m","time":"2017-04-14T02:29:55.245Z","v":0}
{"name":"hexo","hostname":"movie-u530","pid":9912,"level":20,"msg":"Processed: \u001b[35mlayout/_third-party/comments/youyan.swig\u001b[39m","time":"2017-04-14T02:29:55.246Z","v":0}
{"name":"hexo","hostname":"movie-u530","pid":9912,"level":20,"msg":"Processed: \u001b[35mlayout/_third-party/comments/index.swig\u001b[39m","time":"2017-04-14T02:29:55.247Z","v":0}
{"name":"hexo","hostname":"movie-u530","pid":9912,"level":20,"msg":"Processed: \u001b[35mlayout/_third-party/comments/livere.swig\u001b[39m","time":"2017-04-14T02:29:55.247Z","v":0}
{"name":"hexo","hostname":"movie-u530","pid":9912,"level":20,"msg":"Processed: \u001b[35mlayout/_third-party/search/index.swig\u001b[39m","time":"2017-04-14T02:29:55.248Z","v":0}
{"name":"hexo","hostname":"movie-u530","pid":9912,"level":20,"msg":"Processed: \u001b[35mlayout/_third-party/search/localsearch.swig\u001b[39m","time":"2017-04-14T02:29:55.249Z","v":0}
{"name":"hexo","hostname":"movie-u530","pid":9912,"level":20,"msg":"Processed: \u001b[35mlayout/_third-party/search/tinysou.swig\u001b[39m","time":"2017-04-14T02:29:55.250Z","v":0}
{"name":"hexo","hostname":"movie-u530","pid":9912,"level":20,"msg":"Processed: \u001b[35mlayout/_third-party/seo/baidu-push.swig\u001b[39m","time":"2017-04-14T02:29:55.293Z","v":0}
{"name":"hexo","hostname":"movie-u530","pid":9912,"level":20,"msg":"Processed: \u001b[35msource/lib/font-awesome/fonts/fontawesome-webfont.woff\u001b[39m","time":"2017-04-14T02:29:55.357Z","v":0}
{"name":"hexo","hostname":"movie-u530","pid":9912,"level":20,"msg":"Processed: \u001b[35msource/lib/font-awesome/fonts/fontawesome-webfont.woff2\u001b[39m","time":"2017-04-14T02:29:55.363Z","v":0}
{"name":"hexo","hostname":"movie-u530","pid":9912,"level":20,"msg":"Processed: \u001b[35msource/lib/velocity/velocity.js\u001b[39m","time":"2017-04-14T02:29:55.365Z","v":0}
{"name":"hexo","hostname":"movie-u530","pid":9912,"level":20,"msg":"Processed: \u001b[35msource/lib/fancybox/source/helpers/fancybox_buttons.png\u001b[39m","time":"2017-04-14T02:29:55.390Z","v":0}
{"name":"hexo","hostname":"movie-u530","pid":9912,"level":20,"msg":"Processed: \u001b[35msource/lib/fancybox/source/helpers/jquery.fancybox-buttons.css\u001b[39m","time":"2017-04-14T02:29:55.392Z","v":0}
{"name":"hexo","hostname":"movie-u530","pid":9912,"level":20,"msg":"Processed: \u001b[35msource/lib/fancybox/source/helpers/jquery.fancybox-buttons.js\u001b[39m","time":"2017-04-14T02:29:55.395Z","v":0}
{"name":"hexo","hostname":"movie-u530","pid":9912,"level":20,"msg":"Processed: \u001b[35msource/lib/fancybox/source/helpers/jquery.fancybox-media.js\u001b[39m","time":"2017-04-14T02:29:55.396Z","v":0}
{"name":"hexo","hostname":"movie-u530","pid":9912,"level":20,"msg":"Processed: \u001b[35msource/lib/fancybox/source/helpers/jquery.fancybox-thumbs.css\u001b[39m","time":"2017-04-14T02:29:55.398Z","v":0}
{"name":"hexo","hostname":"movie-u530","pid":9912,"level":20,"msg":"Processed: \u001b[35msource/lib/fancybox/source/helpers/jquery.fancybox-thumbs.js\u001b[39m","time":"2017-04-14T02:29:55.399Z","v":0}
{"name":"hexo","hostname":"movie-u530","pid":9912,"level":20,"msg":"Processed: \u001b[35msource/lib/font-awesome/fonts/FontAwesome.otf\u001b[39m","time":"2017-04-14T02:29:55.400Z","v":0}
{"name":"hexo","hostname":"movie-u530","pid":9912,"level":20,"msg":"Processed: \u001b[35msource/lib/font-awesome/fonts/fontawesome-webfont.eot\u001b[39m","time":"2017-04-14T02:29:55.403Z","v":0}
{"name":"hexo","hostname":"movie-u530","pid":9912,"level":20,"msg":"Processed: \u001b[35msource/lib/font-awesome/fonts/fontawesome-webfont.ttf\u001b[39m","time":"2017-04-14T02:29:55.404Z","v":0}
{"name":"hexo","hostname":"movie-u530","pid":9912,"level":20,"msg":"Processed: \u001b[35mlayout/_scripts/third-party/analytics/application-insights.swig\u001b[39m","time":"2017-04-14T02:29:55.437Z","v":0}
{"name":"hexo","hostname":"movie-u530","pid":9912,"level":20,"msg":"Processed: \u001b[35mlayout/_scripts/third-party/analytics/baidu-analytics.swig\u001b[39m","time":"2017-04-14T02:29:55.438Z","v":0}
{"name":"hexo","hostname":"movie-u530","pid":9912,"level":20,"msg":"Processed: \u001b[35mlayout/_scripts/third-party/analytics/busuanzi-counter.swig\u001b[39m","time":"2017-04-14T02:29:55.439Z","v":0}
{"name":"hexo","hostname":"movie-u530","pid":9912,"level":20,"msg":"Processed: \u001b[35mlayout/_scripts/third-party/analytics/cnzz-analytics.swig\u001b[39m","time":"2017-04-14T02:29:55.440Z","v":0}
{"name":"hexo","hostname":"movie-u530","pid":9912,"level":20,"msg":"Processed: \u001b[35mlayout/_scripts/third-party/analytics/facebook-sdk.swig\u001b[39m","time":"2017-04-14T02:29:55.441Z","v":0}
{"name":"hexo","hostname":"movie-u530","pid":9912,"level":20,"msg":"Processed: \u001b[35mlayout/_scripts/third-party/analytics/google-analytics.swig\u001b[39m","time":"2017-04-14T02:29:55.444Z","v":0}
{"name":"hexo","hostname":"movie-u530","pid":9912,"level":20,"msg":"Processed: \u001b[35mlayout/_scripts/third-party/analytics/tencent-analytics.swig\u001b[39m","time":"2017-04-14T02:29:55.445Z","v":0}
{"name":"hexo","hostname":"movie-u530","pid":9912,"level":20,"msg":"Processed: \u001b[35mlayout/_scripts/third-party/comments/disqus.swig\u001b[39m","time":"2017-04-14T02:29:55.445Z","v":0}
{"name":"hexo","hostname":"movie-u530","pid":9912,"level":20,"msg":"Processed: \u001b[35mlayout/_scripts/third-party/comments/duoshuo.swig\u001b[39m","time":"2017-04-14T02:29:55.447Z","v":0}
{"name":"hexo","hostname":"movie-u530","pid":9912,"level":20,"msg":"Processed: \u001b[35mlayout/_scripts/third-party/comments/hypercomments.swig\u001b[39m","time":"2017-04-14T02:29:55.447Z","v":0}
{"name":"hexo","hostname":"movie-u530","pid":9912,"level":20,"msg":"Processed: \u001b[35mlayout/_third-party/search/algolia-search/assets.swig\u001b[39m","time":"2017-04-14T02:29:55.448Z","v":0}
{"name":"hexo","hostname":"movie-u530","pid":9912,"level":20,"msg":"Processed: \u001b[35mlayout/_third-party/search/algolia-search/dom.swig\u001b[39m","time":"2017-04-14T02:29:55.449Z","v":0}
{"name":"hexo","hostname":"movie-u530","pid":9912,"level":20,"msg":"Processed: \u001b[35msource/lib/algolia-instant-search/instantsearch.min.js\u001b[39m","time":"2017-04-14T02:29:55.452Z","v":0}
{"name":"hexo","hostname":"movie-u530","pid":9912,"level":20,"msg":"Processed: \u001b[35msource/lib/three/three.min.js\u001b[39m","time":"2017-04-14T02:29:55.470Z","v":0}
{"name":"hexo","hostname":"movie-u530","pid":9912,"level":20,"msg":"Processed: \u001b[35msource/lib/font-awesome/fonts/fontawesome-webfont.svg\u001b[39m","time":"2017-04-14T02:29:55.474Z","v":0}
{"name":"hexo","hostname":"movie-u530","pid":9912,"level":20,"msg":"Generator: \u001b[35mpage\u001b[39m","time":"2017-04-14T02:29:56.238Z","v":0}
{"name":"hexo","hostname":"movie-u530","pid":9912,"level":20,"msg":"Generator: \u001b[35mpost\u001b[39m","time":"2017-04-14T02:29:56.239Z","v":0}
{"name":"hexo","hostname":"movie-u530","pid":9912,"level":20,"msg":"Generator: \u001b[35marchive\u001b[39m","time":"2017-04-14T02:29:56.240Z","v":0}
{"name":"hexo","hostname":"movie-u530","pid":9912,"level":20,"msg":"Generator: \u001b[35mcategory\u001b[39m","time":"2017-04-14T02:29:56.240Z","v":0}
{"name":"hexo","hostname":"movie-u530","pid":9912,"level":20,"msg":"Generator: \u001b[35mindex\u001b[39m","time":"2017-04-14T02:29:56.241Z","v":0}
{"name":"hexo","hostname":"movie-u530","pid":9912,"level":20,"msg":"Generator: \u001b[35msearch\u001b[39m","time":"2017-04-14T02:29:56.241Z","v":0}
{"name":"hexo","hostname":"movie-u530","pid":9912,"level":20,"msg":"Generator: \u001b[35mtag\u001b[39m","time":"2017-04-14T02:29:56.242Z","v":0}
{"name":"hexo","hostname":"movie-u530","pid":9912,"level":20,"msg":"Generator: \u001b[35masset\u001b[39m","time":"2017-04-14T02:29:56.244Z","v":0}
{"name":"hexo","hostname":"movie-u530","pid":9912,"level":30,"msg":"Hexo is running at \u001b[4mhttp://localhost:80/\u001b[24m. Press Ctrl+C to stop.","time":"2017-04-14T02:29:56.260Z","v":0}
{"name":"hexo","hostname":"movie-u530","pid":9912,"level":20,"msg":"Database saved","time":"2017-04-14T02:29:56.284Z","v":0}
{"name":"hexo","hostname":"movie-u530","pid":9912,"level":20,"msg":"Rendering index: \u001b[35mindex.html\u001b[39m","time":"2017-04-14T02:31:53.125Z","v":0}
{"name":"hexo","hostname":"movie-u530","pid":9912,"level":20,"msg":"Rendering post: \u001b[35m2017/01/07/ansible-setup-module-problem-md/index.html\u001b[39m","time":"2017-04-14T02:31:57.649Z","v":0}
{"name":"hexo","hostname":"movie-u530","pid":9912,"level":20,"msg":"Rendering post: \u001b[35m2017/01/07/ansible-setup-module-problem-md/index.html\u001b[39m","time":"2017-04-14T02:35:18.250Z","v":0}
{"name":"hexo","hostname":"movie-u530","pid":9912,"level":20,"msg":"Rendering index: \u001b[35mindex.html\u001b[39m","time":"2017-04-14T02:35:23.767Z","v":0}
{"name":"hexo","hostname":"movie-u530","pid":9912,"level":20,"msg":"Rendering post: \u001b[35m2016/12/07/helloblog/index.html\u001b[39m","time":"2017-04-14T02:35:27.858Z","v":0}
{"name":"hexo","hostname":"movie-u530","pid":9912,"level":20,"msg":"Rendering post: \u001b[35m2016/12/07/helloblog/index.html\u001b[39m","time":"2017-04-14T02:37:46.997Z","v":0}
{"name":"hexo","hostname":"movie-u530","pid":3540,"level":20,"msg":"Hexo version: \u001b[35m3.2.2\u001b[39m","time":"2017-04-14T02:39:26.926Z","v":0}
{"name":"hexo","hostname":"movie-u530","pid":3540,"level":20,"msg":"Working directory: \u001b[35mD:\\workspace\\blog\\hexoblog\\\u001b[39m","time":"2017-04-14T02:39:26.930Z","v":0}
{"name":"hexo","hostname":"movie-u530","pid":3540,"level":20,"msg":"Config loaded: \u001b[35mD:\\workspace\\blog\\hexoblog\\_config.yml\u001b[39m","time":"2017-04-14T02:39:27.140Z","v":0}
{"name":"hexo","hostname":"movie-u530","pid":3540,"level":20,"msg":"Plugin loaded: \u001b[35mhexo-algolia\u001b[39m","time":"2017-04-14T02:39:27.245Z","v":0}
{"name":"hexo","hostname":"movie-u530","pid":3540,"level":20,"msg":"Plugin loaded: \u001b[35mhexo-deployer-git\u001b[39m","time":"2017-04-14T02:39:27.251Z","v":0}
{"name":"hexo","hostname":"movie-u530","pid":3540,"level":20,"msg":"Plugin loaded: \u001b[35mhexo-generator-archive\u001b[39m","time":"2017-04-14T02:39:27.260Z","v":0}
{"name":"hexo","hostname":"movie-u530","pid":3540,"level":20,"msg":"Plugin loaded: \u001b[35mhexo-generator-category\u001b[39m","time":"2017-04-14T02:39:27.265Z","v":0}
{"name":"hexo","hostname":"movie-u530","pid":3540,"level":20,"msg":"Plugin loaded: \u001b[35mhexo-generator-index\u001b[39m","time":"2017-04-14T02:39:27.272Z","v":0}
{"name":"hexo","hostname":"movie-u530","pid":3540,"level":20,"msg":"Plugin loaded: \u001b[35mhexo-generator-searchdb\u001b[39m","time":"2017-04-14T02:39:27.316Z","v":0}
{"name":"hexo","hostname":"movie-u530","pid":3540,"level":20,"msg":"Plugin loaded: \u001b[35mhexo-generator-tag\u001b[39m","time":"2017-04-14T02:39:27.321Z","v":0}
{"name":"hexo","hostname":"movie-u530","pid":3540,"level":20,"msg":"Plugin loaded: \u001b[35mhexo-renderer-ejs\u001b[39m","time":"2017-04-14T02:39:27.325Z","v":0}
{"name":"hexo","hostname":"movie-u530","pid":3540,"level":20,"msg":"Plugin loaded: \u001b[35mhexo-renderer-marked\u001b[39m","time":"2017-04-14T02:39:27.334Z","v":0}
{"name":"hexo","hostname":"movie-u530","pid":3540,"level":20,"msg":"Plugin loaded: \u001b[35mhexo-renderer-stylus\u001b[39m","time":"2017-04-14T02:39:27.338Z","v":0}
{"name":"hexo","hostname":"movie-u530","pid":3540,"level":20,"msg":"Plugin loaded: \u001b[35mhexo-server\u001b[39m","time":"2017-04-14T02:39:27.443Z","v":0}
{"name":"hexo","hostname":"movie-u530","pid":3540,"level":20,"msg":"Script loaded: \u001b[35mthemes\\next\\scripts\\merge-configs.js\u001b[39m","time":"2017-04-14T02:39:27.449Z","v":0}
{"name":"hexo","hostname":"movie-u530","pid":3540,"level":20,"msg":"Script loaded: \u001b[35mthemes\\next\\scripts\\tags\\button.js\u001b[39m","time":"2017-04-14T02:39:27.449Z","v":0}
{"name":"hexo","hostname":"movie-u530","pid":3540,"level":20,"msg":"Script loaded: \u001b[35mthemes\\next\\scripts\\tags\\center-quote.js\u001b[39m","time":"2017-04-14T02:39:27.450Z","v":0}
{"name":"hexo","hostname":"movie-u530","pid":3540,"level":20,"msg":"Script loaded: \u001b[35mthemes\\next\\scripts\\merge.js\u001b[39m","time":"2017-04-14T02:39:27.454Z","v":0}
{"name":"hexo","hostname":"movie-u530","pid":3540,"level":20,"msg":"Script loaded: \u001b[35mthemes\\next\\scripts\\tags\\full-image.js\u001b[39m","time":"2017-04-14T02:39:27.455Z","v":0}
{"name":"hexo","hostname":"movie-u530","pid":3540,"level":20,"msg":"Script loaded: \u001b[35mthemes\\next\\scripts\\tags\\exturl.js\u001b[39m","time":"2017-04-14T02:39:27.456Z","v":0}
{"name":"hexo","hostname":"movie-u530","pid":3540,"level":20,"msg":"Script loaded: \u001b[35mthemes\\next\\scripts\\tags\\group-pictures.js\u001b[39m","time":"2017-04-14T02:39:27.457Z","v":0}
{"name":"hexo","hostname":"movie-u530","pid":3540,"level":20,"msg":"Script loaded: \u001b[35mthemes\\next\\scripts\\tags\\note.js\u001b[39m","time":"2017-04-14T02:39:27.458Z","v":0}
{"name":"hexo","hostname":"movie-u530","pid":3540,"level":20,"msg":"Loading database.","time":"2017-04-14T02:39:27.471Z","v":0}
{"name":"hexo","hostname":"movie-u530","pid":3540,"level":30,"msg":"Start processing","time":"2017-04-14T02:39:27.482Z","v":0}
{"name":"hexo","hostname":"movie-u530","pid":3540,"level":20,"msg":"Processed: \u001b[35mCNAME\u001b[39m","time":"2017-04-14T02:39:27.531Z","v":0}
{"name":"hexo","hostname":"movie-u530","pid":3540,"level":20,"msg":"Processed: \u001b[35mimages/aliplay.png\u001b[39m","time":"2017-04-14T02:39:27.613Z","v":0}
{"name":"hexo","hostname":"movie-u530","pid":3540,"level":20,"msg":"Processed: \u001b[35mimages/logo2.png\u001b[39m","time":"2017-04-14T02:39:27.614Z","v":0}
{"name":"hexo","hostname":"movie-u530","pid":3540,"level":20,"msg":"Processed: \u001b[35mimages/weixinplay.png\u001b[39m","time":"2017-04-14T02:39:27.614Z","v":0}
{"name":"hexo","hostname":"movie-u530","pid":3540,"level":20,"msg":"Processed: \u001b[35mimages/logo.jpg\u001b[39m","time":"2017-04-14T02:39:27.637Z","v":0}
{"name":"hexo","hostname":"movie-u530","pid":3540,"level":20,"msg":"Theme config loaded.","time":"2017-04-14T02:39:27.713Z","v":0}
{"name":"hexo","hostname":"movie-u530","pid":3540,"level":20,"msg":"Processed: \u001b[35m_config.yml\u001b[39m","time":"2017-04-14T02:39:27.713Z","v":0}
{"name":"hexo","hostname":"movie-u530","pid":3540,"level":20,"msg":"Processed: \u001b[35msource/css/main.styl\u001b[39m","time":"2017-04-14T02:39:27.723Z","v":0}
{"name":"hexo","hostname":"movie-u530","pid":3540,"level":20,"msg":"Processed: \u001b[35msource/images/algolia_logo.svg\u001b[39m","time":"2017-04-14T02:39:27.723Z","v":0}
{"name":"hexo","hostname":"movie-u530","pid":3540,"level":20,"msg":"Processed: \u001b[35msource/images/avatar.gif\u001b[39m","time":"2017-04-14T02:39:27.724Z","v":0}
{"name":"hexo","hostname":"movie-u530","pid":3540,"level":20,"msg":"Processed: \u001b[35msource/images/cc-by-nc.svg\u001b[39m","time":"2017-04-14T02:39:27.727Z","v":0}
{"name":"hexo","hostname":"movie-u530","pid":3540,"level":20,"msg":"Processed: \u001b[35msource/images/cc-by-nc-sa.svg\u001b[39m","time":"2017-04-14T02:39:27.728Z","v":0}
{"name":"hexo","hostname":"movie-u530","pid":3540,"level":20,"msg":"Processed: \u001b[35msource/images/cc-by-nc-nd.svg\u001b[39m","time":"2017-04-14T02:39:27.731Z","v":0}
{"name":"hexo","hostname":"movie-u530","pid":3540,"level":20,"msg":"Processed: \u001b[35msource/images/cc-by-nd.svg\u001b[39m","time":"2017-04-14T02:39:27.732Z","v":0}
{"name":"hexo","hostname":"movie-u530","pid":3540,"level":20,"msg":"Processed: \u001b[35msource/images/cc-by-sa.svg\u001b[39m","time":"2017-04-14T02:39:27.733Z","v":0}
{"name":"hexo","hostname":"movie-u530","pid":3540,"level":20,"msg":"Processed: \u001b[35msource/images/cc-by.svg\u001b[39m","time":"2017-04-14T02:39:27.736Z","v":0}
{"name":"hexo","hostname":"movie-u530","pid":3540,"level":20,"msg":"Processed: \u001b[35msource/images/cc-zero.svg\u001b[39m","time":"2017-04-14T02:39:27.738Z","v":0}
{"name":"hexo","hostname":"movie-u530","pid":3540,"level":20,"msg":"Processed: \u001b[35msource/images/loading.gif\u001b[39m","time":"2017-04-14T02:39:27.739Z","v":0}
{"name":"hexo","hostname":"movie-u530","pid":3540,"level":20,"msg":"Processed: \u001b[35msource/images/placeholder.gif\u001b[39m","time":"2017-04-14T02:39:27.740Z","v":0}
{"name":"hexo","hostname":"movie-u530","pid":3540,"level":20,"msg":"Processed: \u001b[35msource/images/quote-l.svg\u001b[39m","time":"2017-04-14T02:39:27.741Z","v":0}
{"name":"hexo","hostname":"movie-u530","pid":3540,"level":20,"msg":"Processed: \u001b[35msource/images/quote-r.svg\u001b[39m","time":"2017-04-14T02:39:27.741Z","v":0}
{"name":"hexo","hostname":"movie-u530","pid":3540,"level":20,"msg":"Processed: \u001b[35msource/images/searchicon.png\u001b[39m","time":"2017-04-14T02:39:27.742Z","v":0}
{"name":"hexo","hostname":"movie-u530","pid":3540,"level":20,"msg":"Processed: \u001b[35mabout/index.md\u001b[39m","time":"2017-04-14T02:39:27.822Z","v":0}
{"name":"hexo","hostname":"movie-u530","pid":3540,"level":20,"msg":"Processed: \u001b[35mcategories/index.md\u001b[39m","time":"2017-04-14T02:39:27.822Z","v":0}
{"name":"hexo","hostname":"movie-u530","pid":3540,"level":20,"msg":"Processed: \u001b[35m_data/next.bak.yml\u001b[39m","time":"2017-04-14T02:39:27.823Z","v":0}
{"name":"hexo","hostname":"movie-u530","pid":3540,"level":20,"msg":"Processed: \u001b[35m_posts/2016年终讲.md\u001b[39m","time":"2017-04-14T02:39:27.831Z","v":0}
{"name":"hexo","hostname":"movie-u530","pid":3540,"level":20,"msg":"Processed: \u001b[35m_posts/ansible-setup-module-problem-md.md\u001b[39m","time":"2017-04-14T02:39:27.837Z","v":0}
{"name":"hexo","hostname":"movie-u530","pid":3540,"level":20,"msg":"Processed: \u001b[35m_posts/helloblog.md\u001b[39m","time":"2017-04-14T02:39:27.838Z","v":0}
{"name":"hexo","hostname":"movie-u530","pid":3540,"level":20,"msg":"Processed: \u001b[35mlayout/_layout.swig\u001b[39m","time":"2017-04-14T02:39:28.089Z","v":0}
{"name":"hexo","hostname":"movie-u530","pid":3540,"level":20,"msg":"Processed: \u001b[35mlayout/archive.swig\u001b[39m","time":"2017-04-14T02:39:28.090Z","v":0}
{"name":"hexo","hostname":"movie-u530","pid":3540,"level":20,"msg":"Processed: \u001b[35mlayout/category.swig\u001b[39m","time":"2017-04-14T02:39:28.090Z","v":0}
{"name":"hexo","hostname":"movie-u530","pid":3540,"level":20,"msg":"Processed: \u001b[35mlayout/index.swig\u001b[39m","time":"2017-04-14T02:39:28.091Z","v":0}
{"name":"hexo","hostname":"movie-u530","pid":3540,"level":20,"msg":"Processed: \u001b[35mlayout/page.swig\u001b[39m","time":"2017-04-14T02:39:28.091Z","v":0}
{"name":"hexo","hostname":"movie-u530","pid":3540,"level":20,"msg":"Processed: \u001b[35mlayout/post.swig\u001b[39m","time":"2017-04-14T02:39:28.092Z","v":0}
{"name":"hexo","hostname":"movie-u530","pid":3540,"level":20,"msg":"Processed: \u001b[35mlayout/schedule.swig\u001b[39m","time":"2017-04-14T02:39:28.092Z","v":0}
{"name":"hexo","hostname":"movie-u530","pid":3540,"level":20,"msg":"Processed: \u001b[35mlayout/tag.swig\u001b[39m","time":"2017-04-14T02:39:28.092Z","v":0}
{"name":"hexo","hostname":"movie-u530","pid":3540,"level":20,"msg":"Processed: \u001b[35mtags/index.md\u001b[39m","time":"2017-04-14T02:39:28.100Z","v":0}
{"name":"hexo","hostname":"movie-u530","pid":3540,"level":20,"msg":"Processed: \u001b[35mlanguages/default.yml\u001b[39m","time":"2017-04-14T02:39:28.102Z","v":0}
{"name":"hexo","hostname":"movie-u530","pid":3540,"level":20,"msg":"Processed: \u001b[35mlanguages/de.yml\u001b[39m","time":"2017-04-14T02:39:28.102Z","v":0}
{"name":"hexo","hostname":"movie-u530","pid":3540,"level":20,"msg":"Processed: \u001b[35mlanguages/en.yml\u001b[39m","time":"2017-04-14T02:39:28.103Z","v":0}
{"name":"hexo","hostname":"movie-u530","pid":3540,"level":20,"msg":"Processed: \u001b[35mlanguages/fr-FR.yml\u001b[39m","time":"2017-04-14T02:39:28.103Z","v":0}
{"name":"hexo","hostname":"movie-u530","pid":3540,"level":20,"msg":"Processed: \u001b[35mlanguages/id.yml\u001b[39m","time":"2017-04-14T02:39:28.106Z","v":0}
{"name":"hexo","hostname":"movie-u530","pid":3540,"level":20,"msg":"Processed: \u001b[35mlanguages/ja.yml\u001b[39m","time":"2017-04-14T02:39:28.108Z","v":0}
{"name":"hexo","hostname":"movie-u530","pid":3540,"level":20,"msg":"Processed: \u001b[35mlanguages/pt-BR.yml\u001b[39m","time":"2017-04-14T02:39:28.108Z","v":0}
{"name":"hexo","hostname":"movie-u530","pid":3540,"level":20,"msg":"Processed: \u001b[35mlanguages/ko.yml\u001b[39m","time":"2017-04-14T02:39:28.109Z","v":0}
{"name":"hexo","hostname":"movie-u530","pid":3540,"level":20,"msg":"Processed: \u001b[35mlanguages/pt.yml\u001b[39m","time":"2017-04-14T02:39:28.109Z","v":0}
{"name":"hexo","hostname":"movie-u530","pid":3540,"level":20,"msg":"Processed: \u001b[35mlanguages/ru.yml\u001b[39m","time":"2017-04-14T02:39:28.110Z","v":0}
{"name":"hexo","hostname":"movie-u530","pid":3540,"level":20,"msg":"Processed: \u001b[35mlanguages/zh-hk.yml\u001b[39m","time":"2017-04-14T02:39:28.110Z","v":0}
{"name":"hexo","hostname":"movie-u530","pid":3540,"level":20,"msg":"Processed: \u001b[35mlanguages/zh-Hans.yml\u001b[39m","time":"2017-04-14T02:39:28.110Z","v":0}
{"name":"hexo","hostname":"movie-u530","pid":3540,"level":20,"msg":"Processed: \u001b[35mlanguages/zh-tw.yml\u001b[39m","time":"2017-04-14T02:39:28.111Z","v":0}
{"name":"hexo","hostname":"movie-u530","pid":3540,"level":20,"msg":"Processed: \u001b[35msource/js/src/affix.js\u001b[39m","time":"2017-04-14T02:39:28.130Z","v":0}
{"name":"hexo","hostname":"movie-u530","pid":3540,"level":20,"msg":"Processed: \u001b[35msource/js/src/algolia-search.js\u001b[39m","time":"2017-04-14T02:39:28.131Z","v":0}
{"name":"hexo","hostname":"movie-u530","pid":3540,"level":20,"msg":"Processed: \u001b[35msource/js/src/bootstrap.js\u001b[39m","time":"2017-04-14T02:39:28.132Z","v":0}
{"name":"hexo","hostname":"movie-u530","pid":3540,"level":20,"msg":"Processed: \u001b[35msource/js/src/exturl.js\u001b[39m","time":"2017-04-14T02:39:28.134Z","v":0}
{"name":"hexo","hostname":"movie-u530","pid":3540,"level":20,"msg":"Processed: \u001b[35msource/js/src/hook-duoshuo.js\u001b[39m","time":"2017-04-14T02:39:28.136Z","v":0}
{"name":"hexo","hostname":"movie-u530","pid":3540,"level":20,"msg":"Processed: \u001b[35msource/js/src/js.cookie.js\u001b[39m","time":"2017-04-14T02:39:28.138Z","v":0}
{"name":"hexo","hostname":"movie-u530","pid":3540,"level":20,"msg":"Processed: \u001b[35msource/js/src/motion.js\u001b[39m","time":"2017-04-14T02:39:28.139Z","v":0}
{"name":"hexo","hostname":"movie-u530","pid":3540,"level":20,"msg":"Processed: \u001b[35msource/js/src/post-details.js\u001b[39m","time":"2017-04-14T02:39:28.142Z","v":0}
{"name":"hexo","hostname":"movie-u530","pid":3540,"level":20,"msg":"Processed: \u001b[35msource/js/src/scroll-cookie.js\u001b[39m","time":"2017-04-14T02:39:28.143Z","v":0}
{"name":"hexo","hostname":"movie-u530","pid":3540,"level":20,"msg":"Processed: \u001b[35msource/js/src/scrollspy.js\u001b[39m","time":"2017-04-14T02:39:28.144Z","v":0}
{"name":"hexo","hostname":"movie-u530","pid":3540,"level":20,"msg":"Processed: \u001b[35msource/js/src/utils.js\u001b[39m","time":"2017-04-14T02:39:28.146Z","v":0}
{"name":"hexo","hostname":"movie-u530","pid":3540,"level":20,"msg":"Processed: \u001b[35msource/lib/algolia-instant-search/instantsearch.min.css\u001b[39m","time":"2017-04-14T02:39:28.147Z","v":0}
{"name":"hexo","hostname":"movie-u530","pid":3540,"level":20,"msg":"Processed: \u001b[35msource/lib/canvas-nest/canvas-nest.min.js\u001b[39m","time":"2017-04-14T02:39:28.148Z","v":0}
{"name":"hexo","hostname":"movie-u530","pid":3540,"level":20,"msg":"Processed: \u001b[35msource/lib/canvas-ribbon/canvas-ribbon.js\u001b[39m","time":"2017-04-14T02:39:28.148Z","v":0}
{"name":"hexo","hostname":"movie-u530","pid":3540,"level":20,"msg":"Processed: \u001b[35msource/lib/fastclick/LICENSE\u001b[39m","time":"2017-04-14T02:39:28.151Z","v":0}
{"name":"hexo","hostname":"movie-u530","pid":3540,"level":20,"msg":"Processed: \u001b[35msource/lib/fastclick/README.md\u001b[39m","time":"2017-04-14T02:39:28.151Z","v":0}
{"name":"hexo","hostname":"movie-u530","pid":3540,"level":20,"msg":"Processed: \u001b[35msource/lib/fastclick/bower.json\u001b[39m","time":"2017-04-14T02:39:28.153Z","v":0}
{"name":"hexo","hostname":"movie-u530","pid":3540,"level":20,"msg":"Processed: \u001b[35msource/lib/font-awesome/HELP-US-OUT.txt\u001b[39m","time":"2017-04-14T02:39:28.155Z","v":0}
{"name":"hexo","hostname":"movie-u530","pid":3540,"level":20,"msg":"Processed: \u001b[35msource/lib/font-awesome/bower.json\u001b[39m","time":"2017-04-14T02:39:28.156Z","v":0}
{"name":"hexo","hostname":"movie-u530","pid":3540,"level":20,"msg":"Processed: \u001b[35msource/lib/jquery_lazyload/CONTRIBUTING.md\u001b[39m","time":"2017-04-14T02:39:28.158Z","v":0}
{"name":"hexo","hostname":"movie-u530","pid":3540,"level":20,"msg":"Processed: \u001b[35msource/lib/jquery_lazyload/README.md\u001b[39m","time":"2017-04-14T02:39:28.160Z","v":0}
{"name":"hexo","hostname":"movie-u530","pid":3540,"level":20,"msg":"Processed: \u001b[35msource/lib/jquery_lazyload/bower.json\u001b[39m","time":"2017-04-14T02:39:28.160Z","v":0}
{"name":"hexo","hostname":"movie-u530","pid":3540,"level":20,"msg":"Processed: \u001b[35msource/lib/jquery_lazyload/jquery.lazyload.js\u001b[39m","time":"2017-04-14T02:39:28.161Z","v":0}
{"name":"hexo","hostname":"movie-u530","pid":3540,"level":20,"msg":"Processed: \u001b[35msource/lib/jquery_lazyload/jquery.scrollstop.js\u001b[39m","time":"2017-04-14T02:39:28.161Z","v":0}
{"name":"hexo","hostname":"movie-u530","pid":3540,"level":20,"msg":"Processed: \u001b[35msource/lib/velocity/bower.json\u001b[39m","time":"2017-04-14T02:39:28.183Z","v":0}
{"name":"hexo","hostname":"movie-u530","pid":3540,"level":20,"msg":"Processed: \u001b[35msource/lib/velocity/velocity.min.js\u001b[39m","time":"2017-04-14T02:39:28.183Z","v":0}
{"name":"hexo","hostname":"movie-u530","pid":3540,"level":20,"msg":"Processed: \u001b[35msource/lib/velocity/velocity.ui.min.js\u001b[39m","time":"2017-04-14T02:39:28.184Z","v":0}
{"name":"hexo","hostname":"movie-u530","pid":3540,"level":20,"msg":"Processed: \u001b[35msource/lib/velocity/velocity.ui.js\u001b[39m","time":"2017-04-14T02:39:28.184Z","v":0}
{"name":"hexo","hostname":"movie-u530","pid":3540,"level":20,"msg":"Processed: \u001b[35msource/lib/three/three-waves.min.js\u001b[39m","time":"2017-04-14T02:39:28.185Z","v":0}
{"name":"hexo","hostname":"movie-u530","pid":3540,"level":20,"msg":"Processed: \u001b[35msource/lib/jquery/index.js\u001b[39m","time":"2017-04-14T02:39:28.233Z","v":0}
{"name":"hexo","hostname":"movie-u530","pid":3540,"level":20,"msg":"Processed: \u001b[35mlayout/_custom/header.swig\u001b[39m","time":"2017-04-14T02:39:28.320Z","v":0}
{"name":"hexo","hostname":"movie-u530","pid":3540,"level":20,"msg":"Processed: \u001b[35mlayout/_custom/sidebar.swig\u001b[39m","time":"2017-04-14T02:39:28.321Z","v":0}
{"name":"hexo","hostname":"movie-u530","pid":3540,"level":20,"msg":"Processed: \u001b[35mlayout/_macro/post-copyright.swig\u001b[39m","time":"2017-04-14T02:39:28.321Z","v":0}
{"name":"hexo","hostname":"movie-u530","pid":3540,"level":20,"msg":"Processed: \u001b[35mlayout/_macro/post-collapse.swig\u001b[39m","time":"2017-04-14T02:39:28.322Z","v":0}
{"name":"hexo","hostname":"movie-u530","pid":3540,"level":20,"msg":"Processed: \u001b[35mlayout/_macro/post.swig\u001b[39m","time":"2017-04-14T02:39:28.322Z","v":0}
{"name":"hexo","hostname":"movie-u530","pid":3540,"level":20,"msg":"Processed: \u001b[35mlayout/_macro/reward.swig\u001b[39m","time":"2017-04-14T02:39:28.323Z","v":0}
{"name":"hexo","hostname":"movie-u530","pid":3540,"level":20,"msg":"Processed: \u001b[35mlayout/_macro/wechat-subscriber.swig\u001b[39m","time":"2017-04-14T02:39:28.323Z","v":0}
{"name":"hexo","hostname":"movie-u530","pid":3540,"level":20,"msg":"Processed: \u001b[35mlayout/_macro/sidebar.swig\u001b[39m","time":"2017-04-14T02:39:28.324Z","v":0}
{"name":"hexo","hostname":"movie-u530","pid":3540,"level":20,"msg":"Processed: \u001b[35mlayout/_partials/comments.swig\u001b[39m","time":"2017-04-14T02:39:28.324Z","v":0}
{"name":"hexo","hostname":"movie-u530","pid":3540,"level":20,"msg":"Processed: \u001b[35mlayout/_partials/duoshuo-hot-articles.swig\u001b[39m","time":"2017-04-14T02:39:28.325Z","v":0}
{"name":"hexo","hostname":"movie-u530","pid":3540,"level":20,"msg":"Processed: \u001b[35mlayout/_partials/footer.swig\u001b[39m","time":"2017-04-14T02:39:28.325Z","v":0}
{"name":"hexo","hostname":"movie-u530","pid":3540,"level":20,"msg":"Processed: \u001b[35mlayout/_partials/head.swig\u001b[39m","time":"2017-04-14T02:39:28.326Z","v":0}
{"name":"hexo","hostname":"movie-u530","pid":3540,"level":20,"msg":"Processed: \u001b[35mlayout/_partials/header.swig\u001b[39m","time":"2017-04-14T02:39:28.326Z","v":0}
{"name":"hexo","hostname":"movie-u530","pid":3540,"level":20,"msg":"Processed: \u001b[35mlayout/_partials/page-header.swig\u001b[39m","time":"2017-04-14T02:39:28.327Z","v":0}
{"name":"hexo","hostname":"movie-u530","pid":3540,"level":20,"msg":"Processed: \u001b[35mlayout/_partials/search.swig\u001b[39m","time":"2017-04-14T02:39:28.327Z","v":0}
{"name":"hexo","hostname":"movie-u530","pid":3540,"level":20,"msg":"Processed: \u001b[35mlayout/_partials/pagination.swig\u001b[39m","time":"2017-04-14T02:39:28.327Z","v":0}
{"name":"hexo","hostname":"movie-u530","pid":3540,"level":20,"msg":"Processed: \u001b[35mlayout/_scripts/baidu-push.swig\u001b[39m","time":"2017-04-14T02:39:28.328Z","v":0}
{"name":"hexo","hostname":"movie-u530","pid":3540,"level":20,"msg":"Processed: \u001b[35mlayout/_scripts/boostrap.swig\u001b[39m","time":"2017-04-14T02:39:28.328Z","v":0}
{"name":"hexo","hostname":"movie-u530","pid":3540,"level":20,"msg":"Processed: \u001b[35mlayout/_scripts/commons.swig\u001b[39m","time":"2017-04-14T02:39:28.330Z","v":0}
{"name":"hexo","hostname":"movie-u530","pid":3540,"level":20,"msg":"Processed: \u001b[35mlayout/_third-party/exturl.swig\u001b[39m","time":"2017-04-14T02:39:28.330Z","v":0}
{"name":"hexo","hostname":"movie-u530","pid":3540,"level":20,"msg":"Processed: \u001b[35mlayout/_scripts/vendors.swig\u001b[39m","time":"2017-04-14T02:39:28.331Z","v":0}
{"name":"hexo","hostname":"movie-u530","pid":3540,"level":20,"msg":"Processed: \u001b[35mlayout/_third-party/mathjax.swig\u001b[39m","time":"2017-04-14T02:39:28.331Z","v":0}
{"name":"hexo","hostname":"movie-u530","pid":3540,"level":20,"msg":"Processed: \u001b[35mlayout/_third-party/schedule.swig\u001b[39m","time":"2017-04-14T02:39:28.332Z","v":0}
{"name":"hexo","hostname":"movie-u530","pid":3540,"level":20,"msg":"Processed: \u001b[35mlayout/_third-party/scroll-cookie.swig\u001b[39m","time":"2017-04-14T02:39:28.332Z","v":0}
{"name":"hexo","hostname":"movie-u530","pid":3540,"level":20,"msg":"Processed: \u001b[35mlayout/_third-party/duoshuo-hot-articles.swig\u001b[39m","time":"2017-04-14T02:39:28.333Z","v":0}
{"name":"hexo","hostname":"movie-u530","pid":3540,"level":20,"msg":"Processed: \u001b[35msource/js/src/schemes/pisces.js\u001b[39m","time":"2017-04-14T02:39:28.338Z","v":0}
{"name":"hexo","hostname":"movie-u530","pid":3540,"level":20,"msg":"Processed: \u001b[35msource/lib/fancybox/source/blank.gif\u001b[39m","time":"2017-04-14T02:39:28.339Z","v":0}
{"name":"hexo","hostname":"movie-u530","pid":3540,"level":20,"msg":"Processed: \u001b[35msource/lib/fancybox/source/fancybox_loading.gif\u001b[39m","time":"2017-04-14T02:39:28.341Z","v":0}
{"name":"hexo","hostname":"movie-u530","pid":3540,"level":20,"msg":"Processed: \u001b[35msource/lib/fancybox/source/fancybox_loading@2x.gif\u001b[39m","time":"2017-04-14T02:39:28.342Z","v":0}
{"name":"hexo","hostname":"movie-u530","pid":3540,"level":20,"msg":"Processed: \u001b[35msource/lib/fancybox/source/fancybox_overlay.png\u001b[39m","time":"2017-04-14T02:39:28.342Z","v":0}
{"name":"hexo","hostname":"movie-u530","pid":3540,"level":20,"msg":"Processed: \u001b[35msource/lib/fancybox/source/fancybox_sprite.png\u001b[39m","time":"2017-04-14T02:39:28.343Z","v":0}
{"name":"hexo","hostname":"movie-u530","pid":3540,"level":20,"msg":"Processed: \u001b[35msource/lib/fancybox/source/fancybox_sprite@2x.png\u001b[39m","time":"2017-04-14T02:39:28.344Z","v":0}
{"name":"hexo","hostname":"movie-u530","pid":3540,"level":20,"msg":"Processed: \u001b[35msource/lib/fancybox/source/jquery.fancybox.css\u001b[39m","time":"2017-04-14T02:39:28.345Z","v":0}
{"name":"hexo","hostname":"movie-u530","pid":3540,"level":20,"msg":"Processed: \u001b[35msource/lib/fancybox/source/jquery.fancybox.js\u001b[39m","time":"2017-04-14T02:39:28.346Z","v":0}
{"name":"hexo","hostname":"movie-u530","pid":3540,"level":20,"msg":"Processed: \u001b[35msource/lib/fancybox/source/jquery.fancybox.pack.js\u001b[39m","time":"2017-04-14T02:39:28.346Z","v":0}
{"name":"hexo","hostname":"movie-u530","pid":3540,"level":20,"msg":"Processed: \u001b[35msource/lib/fastclick/lib/fastclick.js\u001b[39m","time":"2017-04-14T02:39:28.351Z","v":0}
{"name":"hexo","hostname":"movie-u530","pid":3540,"level":20,"msg":"Processed: \u001b[35msource/lib/fastclick/lib/fastclick.min.js\u001b[39m","time":"2017-04-14T02:39:28.352Z","v":0}
{"name":"hexo","hostname":"movie-u530","pid":3540,"level":20,"msg":"Processed: \u001b[35msource/lib/font-awesome/css/font-awesome.css\u001b[39m","time":"2017-04-14T02:39:28.353Z","v":0}
{"name":"hexo","hostname":"movie-u530","pid":3540,"level":20,"msg":"Processed: \u001b[35msource/lib/font-awesome/css/font-awesome.css.map\u001b[39m","time":"2017-04-14T02:39:28.354Z","v":0}
{"name":"hexo","hostname":"movie-u530","pid":3540,"level":20,"msg":"Processed: \u001b[35msource/lib/font-awesome/css/font-awesome.min.css\u001b[39m","time":"2017-04-14T02:39:28.355Z","v":0}
{"name":"hexo","hostname":"movie-u530","pid":3540,"level":20,"msg":"Processed: \u001b[35msource/lib/ua-parser-js/dist/ua-parser.min.js\u001b[39m","time":"2017-04-14T02:39:28.355Z","v":0}
{"name":"hexo","hostname":"movie-u530","pid":3540,"level":20,"msg":"Processed: \u001b[35msource/lib/ua-parser-js/dist/ua-parser.pack.js\u001b[39m","time":"2017-04-14T02:39:28.355Z","v":0}
{"name":"hexo","hostname":"movie-u530","pid":3540,"level":20,"msg":"Processed: \u001b[35mlayout/_scripts/schemes/muse.swig\u001b[39m","time":"2017-04-14T02:39:28.365Z","v":0}
{"name":"hexo","hostname":"movie-u530","pid":3540,"level":20,"msg":"Processed: \u001b[35mlayout/_scripts/schemes/mist.swig\u001b[39m","time":"2017-04-14T02:39:28.366Z","v":0}
{"name":"hexo","hostname":"movie-u530","pid":3540,"level":20,"msg":"Processed: \u001b[35msource/lib/font-awesome/fonts/fontawesome-webfont.woff2\u001b[39m","time":"2017-04-14T02:39:28.368Z","v":0}
{"name":"hexo","hostname":"movie-u530","pid":3540,"level":20,"msg":"Processed: \u001b[35msource/lib/font-awesome/fonts/fontawesome-webfont.woff\u001b[39m","time":"2017-04-14T02:39:28.368Z","v":0}
{"name":"hexo","hostname":"movie-u530","pid":3540,"level":20,"msg":"Processed: \u001b[35msource/lib/velocity/velocity.js\u001b[39m","time":"2017-04-14T02:39:28.369Z","v":0}
{"name":"hexo","hostname":"movie-u530","pid":3540,"level":20,"msg":"Processed: \u001b[35mlayout/_components/algolia-search/assets.swig\u001b[39m","time":"2017-04-14T02:39:28.415Z","v":0}
{"name":"hexo","hostname":"movie-u530","pid":3540,"level":20,"msg":"Processed: \u001b[35mlayout/_partials/head/external-fonts.swig\u001b[39m","time":"2017-04-14T02:39:28.416Z","v":0}
{"name":"hexo","hostname":"movie-u530","pid":3540,"level":20,"msg":"Processed: \u001b[35mlayout/_components/algolia-search/dom.swig\u001b[39m","time":"2017-04-14T02:39:28.418Z","v":0}
{"name":"hexo","hostname":"movie-u530","pid":3540,"level":20,"msg":"Processed: \u001b[35mlayout/_partials/head/custom-head.swig\u001b[39m","time":"2017-04-14T02:39:28.418Z","v":0}
{"name":"hexo","hostname":"movie-u530","pid":3540,"level":20,"msg":"Processed: \u001b[35mlayout/_partials/search/localsearch.swig\u001b[39m","time":"2017-04-14T02:39:28.419Z","v":0}
{"name":"hexo","hostname":"movie-u530","pid":3540,"level":20,"msg":"Processed: \u001b[35mlayout/_partials/search/swiftype.swig\u001b[39m","time":"2017-04-14T02:39:28.420Z","v":0}
{"name":"hexo","hostname":"movie-u530","pid":3540,"level":20,"msg":"Processed: \u001b[35mlayout/_partials/share/add-this.swig\u001b[39m","time":"2017-04-14T02:39:28.420Z","v":0}
{"name":"hexo","hostname":"movie-u530","pid":3540,"level":20,"msg":"Processed: \u001b[35mlayout/_partials/search/tinysou.swig\u001b[39m","time":"2017-04-14T02:39:28.420Z","v":0}
{"name":"hexo","hostname":"movie-u530","pid":3540,"level":20,"msg":"Processed: \u001b[35mlayout/_partials/share/duoshuo_share.swig\u001b[39m","time":"2017-04-14T02:39:28.422Z","v":0}
{"name":"hexo","hostname":"movie-u530","pid":3540,"level":20,"msg":"Processed: \u001b[35mlayout/_partials/share/baidushare.swig\u001b[39m","time":"2017-04-14T02:39:28.425Z","v":0}
{"name":"hexo","hostname":"movie-u530","pid":3540,"level":20,"msg":"Processed: \u001b[35mlayout/_partials/share/jiathis.swig\u001b[39m","time":"2017-04-14T02:39:28.425Z","v":0}
{"name":"hexo","hostname":"movie-u530","pid":3540,"level":20,"msg":"Processed: \u001b[35mlayout/_scripts/pages/post-details.swig\u001b[39m","time":"2017-04-14T02:39:28.426Z","v":0}
{"name":"hexo","hostname":"movie-u530","pid":3540,"level":20,"msg":"Processed: \u001b[35mlayout/_scripts/schemes/pisces.swig\u001b[39m","time":"2017-04-14T02:39:28.427Z","v":0}
{"name":"hexo","hostname":"movie-u530","pid":3540,"level":20,"msg":"Processed: \u001b[35mlayout/_scripts/third-party/comments.swig\u001b[39m","time":"2017-04-14T02:39:28.428Z","v":0}
{"name":"hexo","hostname":"movie-u530","pid":3540,"level":20,"msg":"Processed: \u001b[35mlayout/_scripts/third-party/analytics.swig\u001b[39m","time":"2017-04-14T02:39:28.429Z","v":0}
{"name":"hexo","hostname":"movie-u530","pid":3540,"level":20,"msg":"Processed: \u001b[35mlayout/_scripts/third-party/lean-analytics.swig\u001b[39m","time":"2017-04-14T02:39:28.429Z","v":0}
{"name":"hexo","hostname":"movie-u530","pid":3540,"level":20,"msg":"Processed: \u001b[35mlayout/_scripts/third-party/localsearch.swig\u001b[39m","time":"2017-04-14T02:39:28.429Z","v":0}
{"name":"hexo","hostname":"movie-u530","pid":3540,"level":20,"msg":"Processed: \u001b[35mlayout/_scripts/third-party/mathjax.swig\u001b[39m","time":"2017-04-14T02:39:28.430Z","v":0}
{"name":"hexo","hostname":"movie-u530","pid":3540,"level":20,"msg":"Processed: \u001b[35mlayout/_scripts/third-party/schedule.swig\u001b[39m","time":"2017-04-14T02:39:28.430Z","v":0}
{"name":"hexo","hostname":"movie-u530","pid":3540,"level":20,"msg":"Processed: \u001b[35mlayout/_scripts/third-party/tinysou.swig\u001b[39m","time":"2017-04-14T02:39:28.430Z","v":0}
{"name":"hexo","hostname":"movie-u530","pid":3540,"level":20,"msg":"Processed: \u001b[35mlayout/_third-party/analytics/application-insights.swig\u001b[39m","time":"2017-04-14T02:39:28.431Z","v":0}
{"name":"hexo","hostname":"movie-u530","pid":3540,"level":20,"msg":"Processed: \u001b[35mlayout/_third-party/analytics/baidu-analytics.swig\u001b[39m","time":"2017-04-14T02:39:28.431Z","v":0}
{"name":"hexo","hostname":"movie-u530","pid":3540,"level":20,"msg":"Processed: \u001b[35mlayout/_third-party/analytics/busuanzi-counter.swig\u001b[39m","time":"2017-04-14T02:39:28.432Z","v":0}
{"name":"hexo","hostname":"movie-u530","pid":3540,"level":20,"msg":"Processed: \u001b[35mlayout/_third-party/analytics/cnzz-analytics.swig\u001b[39m","time":"2017-04-14T02:39:28.433Z","v":0}
{"name":"hexo","hostname":"movie-u530","pid":3540,"level":20,"msg":"Processed: \u001b[35mlayout/_third-party/analytics/facebook-sdk.swig\u001b[39m","time":"2017-04-14T02:39:28.433Z","v":0}
{"name":"hexo","hostname":"movie-u530","pid":3540,"level":20,"msg":"Processed: \u001b[35mlayout/_third-party/analytics/google-analytics.swig\u001b[39m","time":"2017-04-14T02:39:28.434Z","v":0}
{"name":"hexo","hostname":"movie-u530","pid":3540,"level":20,"msg":"Processed: \u001b[35mlayout/_third-party/analytics/index.swig\u001b[39m","time":"2017-04-14T02:39:28.435Z","v":0}
{"name":"hexo","hostname":"movie-u530","pid":3540,"level":20,"msg":"Processed: \u001b[35mlayout/_third-party/analytics/lean-analytics.swig\u001b[39m","time":"2017-04-14T02:39:28.435Z","v":0}
{"name":"hexo","hostname":"movie-u530","pid":3540,"level":20,"msg":"Processed: \u001b[35mlayout/_third-party/analytics/tencent-mta.swig\u001b[39m","time":"2017-04-14T02:39:28.436Z","v":0}
{"name":"hexo","hostname":"movie-u530","pid":3540,"level":20,"msg":"Processed: \u001b[35mlayout/_third-party/analytics/tencent-analytics.swig\u001b[39m","time":"2017-04-14T02:39:28.436Z","v":0}
{"name":"hexo","hostname":"movie-u530","pid":3540,"level":20,"msg":"Processed: \u001b[35mlayout/_third-party/analytics/vkontakte-api.swig\u001b[39m","time":"2017-04-14T02:39:28.437Z","v":0}
{"name":"hexo","hostname":"movie-u530","pid":3540,"level":20,"msg":"Processed: \u001b[35mlayout/_third-party/comments/changyan.swig\u001b[39m","time":"2017-04-14T02:39:28.438Z","v":0}
{"name":"hexo","hostname":"movie-u530","pid":3540,"level":20,"msg":"Processed: \u001b[35mlayout/_third-party/comments/disqus.swig\u001b[39m","time":"2017-04-14T02:39:28.439Z","v":0}
{"name":"hexo","hostname":"movie-u530","pid":3540,"level":20,"msg":"Processed: \u001b[35mlayout/_third-party/comments/duoshuo.swig\u001b[39m","time":"2017-04-14T02:39:28.439Z","v":0}
{"name":"hexo","hostname":"movie-u530","pid":3540,"level":20,"msg":"Processed: \u001b[35mlayout/_third-party/comments/gentie.swig\u001b[39m","time":"2017-04-14T02:39:28.440Z","v":0}
{"name":"hexo","hostname":"movie-u530","pid":3540,"level":20,"msg":"Processed: \u001b[35mlayout/_third-party/comments/hypercomments.swig\u001b[39m","time":"2017-04-14T02:39:28.440Z","v":0}
{"name":"hexo","hostname":"movie-u530","pid":3540,"level":20,"msg":"Processed: \u001b[35mlayout/_third-party/comments/index.swig\u001b[39m","time":"2017-04-14T02:39:28.440Z","v":0}
{"name":"hexo","hostname":"movie-u530","pid":3540,"level":20,"msg":"Processed: \u001b[35mlayout/_third-party/comments/livere.swig\u001b[39m","time":"2017-04-14T02:39:28.441Z","v":0}
{"name":"hexo","hostname":"movie-u530","pid":3540,"level":20,"msg":"Processed: \u001b[35mlayout/_third-party/comments/youyan.swig\u001b[39m","time":"2017-04-14T02:39:28.441Z","v":0}
{"name":"hexo","hostname":"movie-u530","pid":3540,"level":20,"msg":"Processed: \u001b[35mlayout/_third-party/search/index.swig\u001b[39m","time":"2017-04-14T02:39:28.442Z","v":0}
{"name":"hexo","hostname":"movie-u530","pid":3540,"level":20,"msg":"Processed: \u001b[35mlayout/_third-party/search/tinysou.swig\u001b[39m","time":"2017-04-14T02:39:28.442Z","v":0}
{"name":"hexo","hostname":"movie-u530","pid":3540,"level":20,"msg":"Processed: \u001b[35mlayout/_third-party/search/localsearch.swig\u001b[39m","time":"2017-04-14T02:39:28.445Z","v":0}
{"name":"hexo","hostname":"movie-u530","pid":3540,"level":20,"msg":"Processed: \u001b[35mlayout/_third-party/seo/baidu-push.swig\u001b[39m","time":"2017-04-14T02:39:28.446Z","v":0}
{"name":"hexo","hostname":"movie-u530","pid":3540,"level":20,"msg":"Processed: \u001b[35msource/lib/fancybox/source/helpers/fancybox_buttons.png\u001b[39m","time":"2017-04-14T02:39:28.450Z","v":0}
{"name":"hexo","hostname":"movie-u530","pid":3540,"level":20,"msg":"Processed: \u001b[35msource/lib/fancybox/source/helpers/jquery.fancybox-buttons.css\u001b[39m","time":"2017-04-14T02:39:28.451Z","v":0}
{"name":"hexo","hostname":"movie-u530","pid":3540,"level":20,"msg":"Processed: \u001b[35msource/lib/fancybox/source/helpers/jquery.fancybox-buttons.js\u001b[39m","time":"2017-04-14T02:39:28.451Z","v":0}
{"name":"hexo","hostname":"movie-u530","pid":3540,"level":20,"msg":"Processed: \u001b[35msource/lib/fancybox/source/helpers/jquery.fancybox-media.js\u001b[39m","time":"2017-04-14T02:39:28.452Z","v":0}
{"name":"hexo","hostname":"movie-u530","pid":3540,"level":20,"msg":"Processed: \u001b[35msource/lib/fancybox/source/helpers/jquery.fancybox-thumbs.css\u001b[39m","time":"2017-04-14T02:39:28.453Z","v":0}
{"name":"hexo","hostname":"movie-u530","pid":3540,"level":20,"msg":"Processed: \u001b[35msource/lib/fancybox/source/helpers/jquery.fancybox-thumbs.js\u001b[39m","time":"2017-04-14T02:39:28.454Z","v":0}
{"name":"hexo","hostname":"movie-u530","pid":3540,"level":20,"msg":"Processed: \u001b[35msource/lib/font-awesome/fonts/FontAwesome.otf\u001b[39m","time":"2017-04-14T02:39:28.455Z","v":0}
{"name":"hexo","hostname":"movie-u530","pid":3540,"level":20,"msg":"Processed: \u001b[35msource/lib/font-awesome/fonts/fontawesome-webfont.eot\u001b[39m","time":"2017-04-14T02:39:28.455Z","v":0}
{"name":"hexo","hostname":"movie-u530","pid":3540,"level":20,"msg":"Processed: \u001b[35msource/lib/font-awesome/fonts/fontawesome-webfont.ttf\u001b[39m","time":"2017-04-14T02:39:28.455Z","v":0}
{"name":"hexo","hostname":"movie-u530","pid":3540,"level":20,"msg":"Processed: \u001b[35mlayout/_scripts/third-party/analytics/application-insights.swig\u001b[39m","time":"2017-04-14T02:39:28.470Z","v":0}
{"name":"hexo","hostname":"movie-u530","pid":3540,"level":20,"msg":"Processed: \u001b[35mlayout/_scripts/third-party/analytics/busuanzi-counter.swig\u001b[39m","time":"2017-04-14T02:39:28.471Z","v":0}
{"name":"hexo","hostname":"movie-u530","pid":3540,"level":20,"msg":"Processed: \u001b[35mlayout/_scripts/third-party/analytics/baidu-analytics.swig\u001b[39m","time":"2017-04-14T02:39:28.473Z","v":0}
{"name":"hexo","hostname":"movie-u530","pid":3540,"level":20,"msg":"Processed: \u001b[35mlayout/_scripts/third-party/analytics/cnzz-analytics.swig\u001b[39m","time":"2017-04-14T02:39:28.474Z","v":0}
{"name":"hexo","hostname":"movie-u530","pid":3540,"level":20,"msg":"Processed: \u001b[35mlayout/_scripts/third-party/analytics/google-analytics.swig\u001b[39m","time":"2017-04-14T02:39:28.474Z","v":0}
{"name":"hexo","hostname":"movie-u530","pid":3540,"level":20,"msg":"Processed: \u001b[35mlayout/_scripts/third-party/analytics/facebook-sdk.swig\u001b[39m","time":"2017-04-14T02:39:28.474Z","v":0}
{"name":"hexo","hostname":"movie-u530","pid":3540,"level":20,"msg":"Processed: \u001b[35mlayout/_scripts/third-party/analytics/tencent-analytics.swig\u001b[39m","time":"2017-04-14T02:39:28.475Z","v":0}
{"name":"hexo","hostname":"movie-u530","pid":3540,"level":20,"msg":"Processed: \u001b[35mlayout/_scripts/third-party/comments/duoshuo.swig\u001b[39m","time":"2017-04-14T02:39:28.475Z","v":0}
{"name":"hexo","hostname":"movie-u530","pid":3540,"level":20,"msg":"Processed: \u001b[35mlayout/_scripts/third-party/comments/disqus.swig\u001b[39m","time":"2017-04-14T02:39:28.475Z","v":0}
{"name":"hexo","hostname":"movie-u530","pid":3540,"level":20,"msg":"Processed: \u001b[35mlayout/_scripts/third-party/comments/hypercomments.swig\u001b[39m","time":"2017-04-14T02:39:28.476Z","v":0}
{"name":"hexo","hostname":"movie-u530","pid":3540,"level":20,"msg":"Processed: \u001b[35mlayout/_third-party/search/algolia-search/assets.swig\u001b[39m","time":"2017-04-14T02:39:28.476Z","v":0}
{"name":"hexo","hostname":"movie-u530","pid":3540,"level":20,"msg":"Processed: \u001b[35msource/lib/algolia-instant-search/instantsearch.min.js\u001b[39m","time":"2017-04-14T02:39:28.477Z","v":0}
{"name":"hexo","hostname":"movie-u530","pid":3540,"level":20,"msg":"Processed: \u001b[35mlayout/_third-party/search/algolia-search/dom.swig\u001b[39m","time":"2017-04-14T02:39:28.479Z","v":0}
{"name":"hexo","hostname":"movie-u530","pid":3540,"level":20,"msg":"Processed: \u001b[35msource/lib/three/three.min.js\u001b[39m","time":"2017-04-14T02:39:28.480Z","v":0}
{"name":"hexo","hostname":"movie-u530","pid":3540,"level":20,"msg":"Processed: \u001b[35msource/lib/font-awesome/fonts/fontawesome-webfont.svg\u001b[39m","time":"2017-04-14T02:39:28.482Z","v":0}
{"name":"hexo","hostname":"movie-u530","pid":3540,"level":20,"msg":"Generator: \u001b[35mpage\u001b[39m","time":"2017-04-14T02:39:29.057Z","v":0}
{"name":"hexo","hostname":"movie-u530","pid":3540,"level":20,"msg":"Generator: \u001b[35mpost\u001b[39m","time":"2017-04-14T02:39:29.058Z","v":0}
{"name":"hexo","hostname":"movie-u530","pid":3540,"level":20,"msg":"Generator: \u001b[35marchive\u001b[39m","time":"2017-04-14T02:39:29.058Z","v":0}
{"name":"hexo","hostname":"movie-u530","pid":3540,"level":20,"msg":"Generator: \u001b[35mcategory\u001b[39m","time":"2017-04-14T02:39:29.058Z","v":0}
{"name":"hexo","hostname":"movie-u530","pid":3540,"level":20,"msg":"Generator: \u001b[35mindex\u001b[39m","time":"2017-04-14T02:39:29.059Z","v":0}
{"name":"hexo","hostname":"movie-u530","pid":3540,"level":20,"msg":"Generator: \u001b[35msearch\u001b[39m","time":"2017-04-14T02:39:29.059Z","v":0}
{"name":"hexo","hostname":"movie-u530","pid":3540,"level":20,"msg":"Generator: \u001b[35mtag\u001b[39m","time":"2017-04-14T02:39:29.059Z","v":0}
{"name":"hexo","hostname":"movie-u530","pid":3540,"level":20,"msg":"Generator: \u001b[35masset\u001b[39m","time":"2017-04-14T02:39:29.061Z","v":0}
{"name":"hexo","hostname":"movie-u530","pid":3540,"level":30,"msg":"Hexo is running at \u001b[4mhttp://www.moviema.in:80/\u001b[24m. Press Ctrl+C to stop.","time":"2017-04-14T02:39:29.073Z","v":0}
{"name":"hexo","hostname":"movie-u530","pid":3540,"level":20,"msg":"Database saved","time":"2017-04-14T02:39:29.098Z","v":0}
{"name":"hexo","hostname":"movie-u530","pid":3540,"level":30,"msg":"Good bye","time":"2017-04-14T02:40:22.811Z","v":0}
